-- Found ament_cmake: 0.9.7 (/opt/ros/foxy/share/ament_cmake/cmake)
-- Found PythonInterp: /usr/bin/python3 (found suitable version "3.8.5", minimum required is "3") 
-- Using PYTHON_EXECUTABLE: /usr/bin/python3
-- Found ament_lint_auto: 0.9.5 (/opt/ros/foxy/share/ament_lint_auto/cmake)
-- Found rosidl_default_generators: 1.0.0 (/opt/ros/foxy/share/rosidl_default_generators/cmake)
-- Using all available rosidl_typesupport_c: rosidl_typesupport_fastrtps_c;rosidl_typesupport_introspection_c
-- Found rosidl_adapter: 1.1.0 (/opt/ros/foxy/share/rosidl_adapter/cmake)
-- Using all available rosidl_typesupport_cpp: rosidl_typesupport_fastrtps_cpp;rosidl_typesupport_introspection_cpp
-- Found PythonInterp: /usr/bin/python3 (found version "3.8.5") 
-- Found ament_cmake_ros: 0.9.0 (/opt/ros/foxy/share/ament_cmake_ros/cmake)
-- Using all available rosidl_typesupport_c: rosidl_typesupport_fastrtps_c;rosidl_typesupport_introspection_c
-- Using all available rosidl_typesupport_cpp: rosidl_typesupport_fastrtps_cpp;rosidl_typesupport_introspection_cpp
-- Found PythonInterp: /usr/bin/python3 (found suitable version "3.8.5", minimum required is "3.5") 
-- Found python_cmake_module: 0.8.0 (/opt/ros/foxy/share/python_cmake_module/cmake)
-- Using PYTHON_EXECUTABLE: /usr/bin/python3
-- Using PYTHON_INCLUDE_DIRS: /usr/include/python3.8
-- Using PYTHON_LIBRARIES: /usr/lib/aarch64-linux-gnu/libpython3.8.so
-- Added test 'copyright' to check source files copyright and LICENSE
-- Added test 'lint_cmake' to check CMake code style
-- Added test 'xmllint' to check XML markup files
-- Configuring done
-- Generating done
-- Build files have been written to: /home/ubuntu/deis_ws/build/custom_interfaces
[35m[1mScanning dependencies of target custom_interfaces__cpp[0m
[  2%] [34m[1mGenerating C code for ROS interfaces[0m
[  5%] [34m[1mGenerating C++ code for ROS interfaces[0m
[  5%] Built target custom_interfaces__cpp
[  7%] [34m[1mGenerating C++ type support dispatch for ROS interfaces[0m
[ 10%] [34m[1mGenerating C++ type support for eProsima Fast-RTPS[0m
[ 12%] [34m[1mGenerating C++ introspection for ROS interfaces[0m
[35m[1mScanning dependencies of target custom_interfaces__rosidl_generator_c[0m
[ 15%] [32mBuilding C object CMakeFiles/custom_interfaces__rosidl_generator_c.dir/rosidl_generator_c/custom_interfaces/msg/detail/int_list__functions.c.o[0m
[ 17%] [32mBuilding C object CMakeFiles/custom_interfaces__rosidl_generator_c.dir/rosidl_generator_c/custom_interfaces/msg/detail/int__functions.c.o[0m
[35m[1mScanning dependencies of target custom_interfaces__rosidl_typesupport_cpp[0m
[ 20%] [32m[1mLinking C shared library libcustom_interfaces__rosidl_generator_c.so[0m
[ 23%] [32mBuilding CXX object CMakeFiles/custom_interfaces__rosidl_typesupport_cpp.dir/rosidl_typesupport_cpp/custom_interfaces/msg/int_list__type_support.cpp.o[0m
[35m[1mScanning dependencies of target custom_interfaces__rosidl_typesupport_fastrtps_cpp[0m
[ 23%] Built target custom_interfaces__rosidl_generator_c
[35m[1mScanning dependencies of target custom_interfaces__rosidl_typesupport_introspection_cpp[0m
[ 25%] [34m[1mGenerating C type support dispatch for ROS interfaces[0m
[ 28%] [32mBuilding CXX object CMakeFiles/custom_interfaces__rosidl_typesupport_fastrtps_cpp.dir/rosidl_typesupport_fastrtps_cpp/custom_interfaces/msg/detail/dds_fastrtps/int_list__type_support.cpp.o[0m
[ 30%] [32mBuilding CXX object CMakeFiles/custom_interfaces__rosidl_typesupport_introspection_cpp.dir/rosidl_typesupport_introspection_cpp/custom_interfaces/msg/detail/int_list__type_support.cpp.o[0m
[35m[1mScanning dependencies of target custom_interfaces__rosidl_typesupport_c[0m
[ 33%] [32mBuilding CXX object CMakeFiles/custom_interfaces__rosidl_typesupport_c.dir/rosidl_typesupport_c/custom_interfaces/msg/int_list__type_support.cpp.o[0m
[ 35%] [32mBuilding CXX object CMakeFiles/custom_interfaces__rosidl_typesupport_c.dir/rosidl_typesupport_c/custom_interfaces/msg/int__type_support.cpp.o[0m
[ 38%] [32m[1mLinking CXX shared library libcustom_interfaces__rosidl_typesupport_c.so[0m
[ 41%] [32mBuilding CXX object CMakeFiles/custom_interfaces__rosidl_typesupport_cpp.dir/rosidl_typesupport_cpp/custom_interfaces/msg/int__type_support.cpp.o[0m
[ 41%] Built target custom_interfaces__rosidl_typesupport_c
[ 43%] [34m[1mGenerating C introspection for ROS interfaces[0m
[ 46%] [32mBuilding CXX object CMakeFiles/custom_interfaces__rosidl_typesupport_introspection_cpp.dir/rosidl_typesupport_introspection_cpp/custom_interfaces/msg/detail/int__type_support.cpp.o[0m
[ 48%] [32mBuilding CXX object CMakeFiles/custom_interfaces__rosidl_typesupport_fastrtps_cpp.dir/rosidl_typesupport_fastrtps_cpp/custom_interfaces/msg/detail/dds_fastrtps/int__type_support.cpp.o[0m
[35m[1mScanning dependencies of target custom_interfaces__rosidl_typesupport_introspection_c[0m
[ 51%] [32mBuilding C object CMakeFiles/custom_interfaces__rosidl_typesupport_introspection_c.dir/rosidl_typesupport_introspection_c/custom_interfaces/msg/detail/int_list__type_support.c.o[0m
[ 53%] [32m[1mLinking CXX shared library libcustom_interfaces__rosidl_typesupport_cpp.so[0m
[ 53%] Built target custom_interfaces__rosidl_typesupport_cpp
[ 56%] [32mBuilding C object CMakeFiles/custom_interfaces__rosidl_typesupport_introspection_c.dir/rosidl_typesupport_introspection_c/custom_interfaces/msg/detail/int__type_support.c.o[0m
[ 58%] [32m[1mLinking CXX shared library libcustom_interfaces__rosidl_typesupport_introspection_cpp.so[0m
[ 61%] [32m[1mLinking C shared library libcustom_interfaces__rosidl_typesupport_introspection_c.so[0m
[ 61%] Built target custom_interfaces__rosidl_typesupport_introspection_c
[ 61%] Built target custom_interfaces__rosidl_typesupport_introspection_cpp
[ 64%] [32m[1mLinking CXX shared library libcustom_interfaces__rosidl_typesupport_fastrtps_cpp.so[0m
[ 64%] Built target custom_interfaces__rosidl_typesupport_fastrtps_cpp
[ 66%] [34m[1mGenerating C type support for eProsima Fast-RTPS[0m
[35m[1mScanning dependencies of target custom_interfaces__rosidl_typesupport_fastrtps_c[0m
[ 71%] [32mBuilding CXX object CMakeFiles/custom_interfaces__rosidl_typesupport_fastrtps_c.dir/rosidl_typesupport_fastrtps_c/custom_interfaces/msg/detail/int__type_support_c.cpp.o[0m
[ 71%] [32mBuilding CXX object CMakeFiles/custom_interfaces__rosidl_typesupport_fastrtps_c.dir/rosidl_typesupport_fastrtps_c/custom_interfaces/msg/detail/int_list__type_support_c.cpp.o[0m
[ 74%] [32m[1mLinking CXX shared library libcustom_interfaces__rosidl_typesupport_fastrtps_c.so[0m
[ 74%] Built target custom_interfaces__rosidl_typesupport_fastrtps_c
[ 74%] Built target custom_interfaces
[35m[1mScanning dependencies of target custom_interfaces__py[0m
[ 76%] [34m[1mGenerating Python code for ROS interfaces[0m
[ 76%] Built target custom_interfaces__py
[35m[1mScanning dependencies of target custom_interfaces__python[0m
[ 82%] [32mBuilding C object CMakeFiles/custom_interfaces__python.dir/rosidl_generator_py/custom_interfaces/msg/_int_list_s.c.o[0m
[ 82%] [32mBuilding C object CMakeFiles/custom_interfaces__python.dir/rosidl_generator_py/custom_interfaces/msg/_int_s.c.o[0m
[ 84%] [32m[1mLinking C shared library rosidl_generator_py/custom_interfaces/libcustom_interfaces__python.so[0m
[ 84%] Built target custom_interfaces__python
[35m[1mScanning dependencies of target custom_interfaces__rosidl_typesupport_fastrtps_c__pyext[0m
[35m[1mScanning dependencies of target custom_interfaces__rosidl_typesupport_introspection_c__pyext[0m
[35m[1mScanning dependencies of target custom_interfaces__rosidl_typesupport_c__pyext[0m
[ 87%] [32mBuilding C object CMakeFiles/custom_interfaces__rosidl_typesupport_fastrtps_c__pyext.dir/rosidl_generator_py/custom_interfaces/_custom_interfaces_s.ep.rosidl_typesupport_fastrtps_c.c.o[0m
[ 89%] [32mBuilding C object CMakeFiles/custom_interfaces__rosidl_typesupport_introspection_c__pyext.dir/rosidl_generator_py/custom_interfaces/_custom_interfaces_s.ep.rosidl_typesupport_introspection_c.c.o[0m
[ 92%] [32mBuilding C object CMakeFiles/custom_interfaces__rosidl_typesupport_c__pyext.dir/rosidl_generator_py/custom_interfaces/_custom_interfaces_s.ep.rosidl_typesupport_c.c.o[0m
[ 94%] [32m[1mLinking C shared library rosidl_generator_py/custom_interfaces/custom_interfaces_s__rosidl_typesupport_introspection_c.cpython-38-aarch64-linux-gnu.so[0m
[ 97%] [32m[1mLinking C shared library rosidl_generator_py/custom_interfaces/custom_interfaces_s__rosidl_typesupport_c.cpython-38-aarch64-linux-gnu.so[0m
[100%] [32m[1mLinking CXX shared library rosidl_generator_py/custom_interfaces/custom_interfaces_s__rosidl_typesupport_fastrtps_c.cpython-38-aarch64-linux-gnu.so[0m
[100%] Built target custom_interfaces__rosidl_typesupport_c__pyext
[100%] Built target custom_interfaces__rosidl_typesupport_introspection_c__pyext
[100%] Built target custom_interfaces__rosidl_typesupport_fastrtps_c__pyext
-- Install configuration: ""
-- Installing: /home/ubuntu/deis_ws/install/custom_interfaces/share/ament_index/resource_index/rosidl_interfaces/custom_interfaces
-- Up-to-date: /home/ubuntu/deis_ws/install/custom_interfaces/include/custom_interfaces
-- Up-to-date: /home/ubuntu/deis_ws/install/custom_interfaces/include/custom_interfaces/msg
-- Up-to-date: /home/ubuntu/deis_ws/install/custom_interfaces/include/custom_interfaces/msg/detail
-- Installing: /home/ubuntu/deis_ws/install/custom_interfaces/include/custom_interfaces/msg/detail/int_list__functions.h
-- Installing: /home/ubuntu/deis_ws/install/custom_interfaces/include/custom_interfaces/msg/detail/int_list__type_support.h
-- Installing: /home/ubuntu/deis_ws/install/custom_interfaces/include/custom_interfaces/msg/detail/int_list__functions.c
-- Installing: /home/ubuntu/deis_ws/install/custom_interfaces/include/custom_interfaces/msg/detail/int__struct.h
-- Installing: /home/ubuntu/deis_ws/install/custom_interfaces/include/custom_interfaces/msg/detail/int__type_support.h
-- Installing: /home/ubuntu/deis_ws/install/custom_interfaces/include/custom_interfaces/msg/detail/int__functions.c
-- Installing: /home/ubuntu/deis_ws/install/custom_interfaces/include/custom_interfaces/msg/detail/int_list__struct.h
-- Installing: /home/ubuntu/deis_ws/install/custom_interfaces/include/custom_interfaces/msg/detail/int__functions.h
-- Up-to-date: /home/ubuntu/deis_ws/install/custom_interfaces/include/custom_interfaces/msg/rosidl_generator_c__visibility_control.h
-- Installing: /home/ubuntu/deis_ws/install/custom_interfaces/include/custom_interfaces/msg/int.h
-- Installing: /home/ubuntu/deis_ws/install/custom_interfaces/include/custom_interfaces/msg/int_list.h
-- Up-to-date: /home/ubuntu/deis_ws/install/custom_interfaces/share/custom_interfaces/environment/library_path.sh
-- Installing: /home/ubuntu/deis_ws/install/custom_interfaces/share/custom_interfaces/environment/library_path.dsv
-- Installing: /home/ubuntu/deis_ws/install/custom_interfaces/lib/libcustom_interfaces__rosidl_generator_c.so
-- Set runtime path of "/home/ubuntu/deis_ws/install/custom_interfaces/lib/libcustom_interfaces__rosidl_generator_c.so" to ""
-- Up-to-date: /home/ubuntu/deis_ws/install/custom_interfaces/include/custom_interfaces
-- Up-to-date: /home/ubuntu/deis_ws/install/custom_interfaces/include/custom_interfaces/msg
-- Up-to-date: /home/ubuntu/deis_ws/install/custom_interfaces/include/custom_interfaces/msg/detail
-- Installing: /home/ubuntu/deis_ws/install/custom_interfaces/include/custom_interfaces/msg/detail/int_list__rosidl_typesupport_fastrtps_c.h
-- Installing: /home/ubuntu/deis_ws/install/custom_interfaces/include/custom_interfaces/msg/detail/int__rosidl_typesupport_fastrtps_c.h
-- Up-to-date: /home/ubuntu/deis_ws/install/custom_interfaces/include/custom_interfaces/msg/rosidl_typesupport_fastrtps_c__visibility_control.h
-- Installing: /home/ubuntu/deis_ws/install/custom_interfaces/lib/libcustom_interfaces__rosidl_typesupport_fastrtps_c.so
-- Set runtime path of "/home/ubuntu/deis_ws/install/custom_interfaces/lib/libcustom_interfaces__rosidl_typesupport_fastrtps_c.so" to ""
-- Up-to-date: /home/ubuntu/deis_ws/install/custom_interfaces/include/custom_interfaces
-- Up-to-date: /home/ubuntu/deis_ws/install/custom_interfaces/include/custom_interfaces/msg
-- Up-to-date: /home/ubuntu/deis_ws/install/custom_interfaces/include/custom_interfaces/msg/detail
-- Installing: /home/ubuntu/deis_ws/install/custom_interfaces/include/custom_interfaces/msg/detail/int__rosidl_typesupport_fastrtps_cpp.hpp
-- Up-to-date: /home/ubuntu/deis_ws/install/custom_interfaces/include/custom_interfaces/msg/detail/dds_fastrtps
-- Installing: /home/ubuntu/deis_ws/install/custom_interfaces/include/custom_interfaces/msg/detail/int_list__rosidl_typesupport_fastrtps_cpp.hpp
-- Up-to-date: /home/ubuntu/deis_ws/install/custom_interfaces/include/custom_interfaces/msg/rosidl_typesupport_fastrtps_cpp__visibility_control.h
-- Installing: /home/ubuntu/deis_ws/install/custom_interfaces/lib/libcustom_interfaces__rosidl_typesupport_fastrtps_cpp.so
-- Set runtime path of "/home/ubuntu/deis_ws/install/custom_interfaces/lib/libcustom_interfaces__rosidl_typesupport_fastrtps_cpp.so" to ""
-- Up-to-date: /home/ubuntu/deis_ws/install/custom_interfaces/include/custom_interfaces
-- Up-to-date: /home/ubuntu/deis_ws/install/custom_interfaces/include/custom_interfaces/msg
-- Up-to-date: /home/ubuntu/deis_ws/install/custom_interfaces/include/custom_interfaces/msg/detail
-- Installing: /home/ubuntu/deis_ws/install/custom_interfaces/include/custom_interfaces/msg/detail/int_list__type_support.c
-- Installing: /home/ubuntu/deis_ws/install/custom_interfaces/include/custom_interfaces/msg/detail/int__rosidl_typesupport_introspection_c.h
-- Installing: /home/ubuntu/deis_ws/install/custom_interfaces/include/custom_interfaces/msg/detail/int_list__rosidl_typesupport_introspection_c.h
-- Installing: /home/ubuntu/deis_ws/install/custom_interfaces/include/custom_interfaces/msg/detail/int__type_support.c
-- Up-to-date: /home/ubuntu/deis_ws/install/custom_interfaces/include/custom_interfaces/msg/rosidl_typesupport_introspection_c__visibility_control.h
-- Installing: /home/ubuntu/deis_ws/install/custom_interfaces/lib/libcustom_interfaces__rosidl_typesupport_introspection_c.so
-- Set runtime path of "/home/ubuntu/deis_ws/install/custom_interfaces/lib/libcustom_interfaces__rosidl_typesupport_introspection_c.so" to ""
-- Installing: /home/ubuntu/deis_ws/install/custom_interfaces/lib/libcustom_interfaces__rosidl_typesupport_c.so
-- Set runtime path of "/home/ubuntu/deis_ws/install/custom_interfaces/lib/libcustom_interfaces__rosidl_typesupport_c.so" to ""
-- Up-to-date: /home/ubuntu/deis_ws/install/custom_interfaces/include/custom_interfaces
-- Up-to-date: /home/ubuntu/deis_ws/install/custom_interfaces/include/custom_interfaces/msg
-- Up-to-date: /home/ubuntu/deis_ws/install/custom_interfaces/include/custom_interfaces/msg/detail
-- Installing: /home/ubuntu/deis_ws/install/custom_interfaces/include/custom_interfaces/msg/detail/int_list__traits.hpp
-- Installing: /home/ubuntu/deis_ws/install/custom_interfaces/include/custom_interfaces/msg/detail/int_list__struct.hpp
-- Installing: /home/ubuntu/deis_ws/install/custom_interfaces/include/custom_interfaces/msg/detail/int__traits.hpp
-- Installing: /home/ubuntu/deis_ws/install/custom_interfaces/include/custom_interfaces/msg/detail/int_list__builder.hpp
-- Installing: /home/ubuntu/deis_ws/install/custom_interfaces/include/custom_interfaces/msg/detail/int__builder.hpp
-- Installing: /home/ubuntu/deis_ws/install/custom_interfaces/include/custom_interfaces/msg/detail/int__struct.hpp
-- Installing: /home/ubuntu/deis_ws/install/custom_interfaces/include/custom_interfaces/msg/int_list.hpp
-- Installing: /home/ubuntu/deis_ws/install/custom_interfaces/include/custom_interfaces/msg/int.hpp
-- Up-to-date: /home/ubuntu/deis_ws/install/custom_interfaces/include/custom_interfaces
-- Up-to-date: /home/ubuntu/deis_ws/install/custom_interfaces/include/custom_interfaces/msg
-- Up-to-date: /home/ubuntu/deis_ws/install/custom_interfaces/include/custom_interfaces/msg/detail
-- Installing: /home/ubuntu/deis_ws/install/custom_interfaces/include/custom_interfaces/msg/detail/int_list__type_support.cpp
-- Installing: /home/ubuntu/deis_ws/install/custom_interfaces/include/custom_interfaces/msg/detail/int_list__rosidl_typesupport_introspection_cpp.hpp
-- Installing: /home/ubuntu/deis_ws/install/custom_interfaces/include/custom_interfaces/msg/detail/int__type_support.cpp
-- Installing: /home/ubuntu/deis_ws/install/custom_interfaces/include/custom_interfaces/msg/detail/int__rosidl_typesupport_introspection_cpp.hpp
-- Installing: /home/ubuntu/deis_ws/install/custom_interfaces/lib/libcustom_interfaces__rosidl_typesupport_introspection_cpp.so
-- Set runtime path of "/home/ubuntu/deis_ws/install/custom_interfaces/lib/libcustom_interfaces__rosidl_typesupport_introspection_cpp.so" to ""
-- Installing: /home/ubuntu/deis_ws/install/custom_interfaces/lib/libcustom_interfaces__rosidl_typesupport_cpp.so
-- Set runtime path of "/home/ubuntu/deis_ws/install/custom_interfaces/lib/libcustom_interfaces__rosidl_typesupport_cpp.so" to ""
-- Up-to-date: /home/ubuntu/deis_ws/install/custom_interfaces/share/custom_interfaces/environment/pythonpath.sh
-- Installing: /home/ubuntu/deis_ws/install/custom_interfaces/share/custom_interfaces/environment/pythonpath.dsv
-- Installing: /home/ubuntu/deis_ws/install/custom_interfaces/lib/python3.8/site-packages/custom_interfaces/__init__.py
Compiling '/home/ubuntu/deis_ws/install/custom_interfaces/lib/python3.8/site-packages/custom_interfaces/__init__.py'...
-- Up-to-date: /home/ubuntu/deis_ws/install/custom_interfaces/lib/python3.8/site-packages/custom_interfaces/msg
-- Installing: /home/ubuntu/deis_ws/install/custom_interfaces/lib/python3.8/site-packages/custom_interfaces/msg/_int_list_s.c
-- Installing: /home/ubuntu/deis_ws/install/custom_interfaces/lib/python3.8/site-packages/custom_interfaces/msg/_int.py
-- Installing: /home/ubuntu/deis_ws/install/custom_interfaces/lib/python3.8/site-packages/custom_interfaces/msg/_int_s.c
-- Installing: /home/ubuntu/deis_ws/install/custom_interfaces/lib/python3.8/site-packages/custom_interfaces/msg/__init__.py
-- Installing: /home/ubuntu/deis_ws/install/custom_interfaces/lib/python3.8/site-packages/custom_interfaces/msg/_int_list.py
-- Installing: /home/ubuntu/deis_ws/install/custom_interfaces/lib/python3.8/site-packages/custom_interfaces/custom_interfaces_s__rosidl_typesupport_fastrtps_c.cpython-38-aarch64-linux-gnu.so
-- Set runtime path of "/home/ubuntu/deis_ws/install/custom_interfaces/lib/python3.8/site-packages/custom_interfaces/custom_interfaces_s__rosidl_typesupport_fastrtps_c.cpython-38-aarch64-linux-gnu.so" to ""
-- Installing: /home/ubuntu/deis_ws/install/custom_interfaces/lib/python3.8/site-packages/custom_interfaces/custom_interfaces_s__rosidl_typesupport_introspection_c.cpython-38-aarch64-linux-gnu.so
-- Set runtime path of "/home/ubuntu/deis_ws/install/custom_interfaces/lib/python3.8/site-packages/custom_interfaces/custom_interfaces_s__rosidl_typesupport_introspection_c.cpython-38-aarch64-linux-gnu.so" to ""
-- Installing: /home/ubuntu/deis_ws/install/custom_interfaces/lib/python3.8/site-packages/custom_interfaces/custom_interfaces_s__rosidl_typesupport_c.cpython-38-aarch64-linux-gnu.so
-- Set runtime path of "/home/ubuntu/deis_ws/install/custom_interfaces/lib/python3.8/site-packages/custom_interfaces/custom_interfaces_s__rosidl_typesupport_c.cpython-38-aarch64-linux-gnu.so" to ""
-- Installing: /home/ubuntu/deis_ws/install/custom_interfaces/lib/libcustom_interfaces__python.so
-- Set runtime path of "/home/ubuntu/deis_ws/install/custom_interfaces/lib/libcustom_interfaces__python.so" to ""
-- Up-to-date: /home/ubuntu/deis_ws/install/custom_interfaces/share/custom_interfaces/msg/IntList.idl
-- Installing: /home/ubuntu/deis_ws/install/custom_interfaces/share/custom_interfaces/msg/Int.idl
-- Up-to-date: /home/ubuntu/deis_ws/install/custom_interfaces/share/custom_interfaces/msg/IntList.msg
-- Installing: /home/ubuntu/deis_ws/install/custom_interfaces/share/custom_interfaces/msg/Int.msg
-- Up-to-date: /home/ubuntu/deis_ws/install/custom_interfaces/share/ament_index/resource_index/package_run_dependencies/custom_interfaces
-- Installing: /home/ubuntu/deis_ws/install/custom_interfaces/share/ament_index/resource_index/parent_prefix_path/custom_interfaces
-- Up-to-date: /home/ubuntu/deis_ws/install/custom_interfaces/share/custom_interfaces/environment/ament_prefix_path.sh
-- Installing: /home/ubuntu/deis_ws/install/custom_interfaces/share/custom_interfaces/environment/ament_prefix_path.dsv
-- Up-to-date: /home/ubuntu/deis_ws/install/custom_interfaces/share/custom_interfaces/environment/path.sh
-- Installing: /home/ubuntu/deis_ws/install/custom_interfaces/share/custom_interfaces/environment/path.dsv
-- Up-to-date: /home/ubuntu/deis_ws/install/custom_interfaces/share/custom_interfaces/local_setup.bash
-- Up-to-date: /home/ubuntu/deis_ws/install/custom_interfaces/share/custom_interfaces/local_setup.sh
-- Up-to-date: /home/ubuntu/deis_ws/install/custom_interfaces/share/custom_interfaces/local_setup.zsh
-- Installing: /home/ubuntu/deis_ws/install/custom_interfaces/share/custom_interfaces/local_setup.dsv
-- Installing: /home/ubuntu/deis_ws/install/custom_interfaces/share/custom_interfaces/package.dsv
-- Up-to-date: /home/ubuntu/deis_ws/install/custom_interfaces/share/ament_index/resource_index/packages/custom_interfaces
-- Up-to-date: /home/ubuntu/deis_ws/install/custom_interfaces/share/custom_interfaces/cmake/custom_interfaces__rosidl_generator_cExport.cmake
-- Installing: /home/ubuntu/deis_ws/install/custom_interfaces/share/custom_interfaces/cmake/custom_interfaces__rosidl_generator_cExport-noconfig.cmake
-- Up-to-date: /home/ubuntu/deis_ws/install/custom_interfaces/share/custom_interfaces/cmake/custom_interfaces__rosidl_typesupport_introspection_cExport.cmake
-- Installing: /home/ubuntu/deis_ws/install/custom_interfaces/share/custom_interfaces/cmake/custom_interfaces__rosidl_typesupport_introspection_cExport-noconfig.cmake
-- Up-to-date: /home/ubuntu/deis_ws/install/custom_interfaces/share/custom_interfaces/cmake/custom_interfaces__rosidl_typesupport_cExport.cmake
-- Installing: /home/ubuntu/deis_ws/install/custom_interfaces/share/custom_interfaces/cmake/custom_interfaces__rosidl_typesupport_cExport-noconfig.cmake
-- Up-to-date: /home/ubuntu/deis_ws/install/custom_interfaces/share/custom_interfaces/cmake/custom_interfaces__rosidl_generator_cppExport.cmake
-- Up-to-date: /home/ubuntu/deis_ws/install/custom_interfaces/share/custom_interfaces/cmake/custom_interfaces__rosidl_typesupport_introspection_cppExport.cmake
-- Installing: /home/ubuntu/deis_ws/install/custom_interfaces/share/custom_interfaces/cmake/custom_interfaces__rosidl_typesupport_introspection_cppExport-noconfig.cmake
-- Up-to-date: /home/ubuntu/deis_ws/install/custom_interfaces/share/custom_interfaces/cmake/custom_interfaces__rosidl_typesupport_cppExport.cmake
-- Installing: /home/ubuntu/deis_ws/install/custom_interfaces/share/custom_interfaces/cmake/custom_interfaces__rosidl_typesupport_cppExport-noconfig.cmake
-- Installing: /home/ubuntu/deis_ws/install/custom_interfaces/share/custom_interfaces/cmake/rosidl_cmake-extras.cmake
-- Up-to-date: /home/ubuntu/deis_ws/install/custom_interfaces/share/custom_interfaces/cmake/ament_cmake_export_dependencies-extras.cmake
-- Up-to-date: /home/ubuntu/deis_ws/install/custom_interfaces/share/custom_interfaces/cmake/ament_cmake_export_libraries-extras.cmake
-- Up-to-date: /home/ubuntu/deis_ws/install/custom_interfaces/share/custom_interfaces/cmake/ament_cmake_export_targets-extras.cmake
-- Up-to-date: /home/ubuntu/deis_ws/install/custom_interfaces/share/custom_interfaces/cmake/ament_cmake_export_include_directories-extras.cmake
-- Up-to-date: /home/ubuntu/deis_ws/install/custom_interfaces/share/custom_interfaces/cmake/rosidl_cmake_export_typesupport_libraries-extras.cmake
-- Up-to-date: /home/ubuntu/deis_ws/install/custom_interfaces/share/custom_interfaces/cmake/rosidl_cmake_export_typesupport_targets-extras.cmake
-- Up-to-date: /home/ubuntu/deis_ws/install/custom_interfaces/share/custom_interfaces/cmake/custom_interfacesConfig.cmake
-- Up-to-date: /home/ubuntu/deis_ws/install/custom_interfaces/share/custom_interfaces/cmake/custom_interfacesConfig-version.cmake
-- Up-to-date: /home/ubuntu/deis_ws/install/custom_interfaces/share/custom_interfaces/package.xml
