[0.070s] Invoking command in '/home/ubuntu/deis_ws/build/custom_interfaces': CMAKE_PREFIX_PATH=/home/ubuntu/deis_ws/install/py_intersection_mgr:/opt/ros/foxy /usr/bin/cmake /home/ubuntu/deis_ws/src/custom_interfaces -DCMAKE_INSTALL_PREFIX=/home/ubuntu/deis_ws/install/custom_interfaces
[0.121s] -- Found ament_cmake: 0.9.7 (/opt/ros/foxy/share/ament_cmake/cmake)
[0.219s] -- Using PYTHON_EXECUTABLE: /usr/bin/python3
[0.995s] -- Found ament_lint_auto: 0.9.5 (/opt/ros/foxy/share/ament_lint_auto/cmake)
[1.263s] -- Found rosidl_default_generators: 1.0.0 (/opt/ros/foxy/share/rosidl_default_generators/cmake)
[1.273s] -- Using all available rosidl_typesupport_c: rosidl_typesupport_fastrtps_c;rosidl_typesupport_introspection_c
[1.289s] -- Found rosidl_adapter: 1.1.0 (/opt/ros/foxy/share/rosidl_adapter/cmake)
[2.156s] -- Using all available rosidl_typesupport_cpp: rosidl_typesupport_fastrtps_cpp;rosidl_typesupport_introspection_cpp
[2.349s] -- Found PythonInterp: /usr/bin/python3 (found version "3.8.5") 
[2.667s] -- Found ament_cmake_ros: 0.9.0 (/opt/ros/foxy/share/ament_cmake_ros/cmake)
[3.413s] -- Using all available rosidl_typesupport_c: rosidl_typesupport_fastrtps_c;rosidl_typesupport_introspection_c
[3.465s] -- Using all available rosidl_typesupport_cpp: rosidl_typesupport_fastrtps_cpp;rosidl_typesupport_introspection_cpp
[3.574s] -- Found PythonInterp: /usr/bin/python3 (found suitable version "3.8.5", minimum required is "3.5") 
[3.591s] -- Found python_cmake_module: 0.8.0 (/opt/ros/foxy/share/python_cmake_module/cmake)
[3.722s] -- Found PythonLibs: /usr/lib/aarch64-linux-gnu/libpython3.8.so (found suitable version "3.8.5", minimum required is "3.5") 
[3.724s] -- Using PYTHON_EXECUTABLE: /usr/bin/python3
[3.725s] -- Using PYTHON_INCLUDE_DIRS: /usr/include/python3.8
[3.726s] -- Using PYTHON_LIBRARIES: /usr/lib/aarch64-linux-gnu/libpython3.8.so
[3.822s] -- Found PythonExtra: .so  
[4.015s] -- Added test 'copyright' to check source files copyright and LICENSE
[4.031s] -- Added test 'lint_cmake' to check CMake code style
[4.039s] -- Added test 'xmllint' to check XML markup files
[4.100s] -- Configuring done
[4.280s] -- Generating done
[4.295s] -- Build files have been written to: /home/ubuntu/deis_ws/build/custom_interfaces
[4.337s] Invoked command in '/home/ubuntu/deis_ws/build/custom_interfaces' returned '0': CMAKE_PREFIX_PATH=/home/ubuntu/deis_ws/install/py_intersection_mgr:/opt/ros/foxy /usr/bin/cmake /home/ubuntu/deis_ws/src/custom_interfaces -DCMAKE_INSTALL_PREFIX=/home/ubuntu/deis_ws/install/custom_interfaces
[4.344s] Invoking command in '/home/ubuntu/deis_ws/build/custom_interfaces': CMAKE_PREFIX_PATH=/home/ubuntu/deis_ws/install/py_intersection_mgr:/opt/ros/foxy /usr/bin/cmake --build /home/ubuntu/deis_ws/build/custom_interfaces -- -j4 -l4
[4.526s] [35m[1mScanning dependencies of target custom_interfaces__cpp[0m
[4.535s] [  3%] [34m[1mGenerating C code for ROS interfaces[0m
[4.577s] [  6%] [34m[1mGenerating C++ code for ROS interfaces[0m
[5.710s] [35m[1mScanning dependencies of target custom_interfaces__rosidl_generator_c[0m
[5.716s] [  6%] Built target custom_interfaces__cpp
[5.774s] [  9%] [34m[1mGenerating C++ type support dispatch for ROS interfaces[0m
[5.781s] [ 12%] [34m[1mGenerating C++ introspection for ROS interfaces[0m
[5.782s] [ 16%] [34m[1mGenerating C++ type support for eProsima Fast-RTPS[0m
[5.806s] [ 19%] [32mBuilding C object CMakeFiles/custom_interfaces__rosidl_generator_c.dir/rosidl_generator_c/custom_interfaces/msg/detail/int_list__functions.c.o[0m
[6.119s] [ 22%] [32m[1mLinking C shared library libcustom_interfaces__rosidl_generator_c.so[0m
[6.303s] [ 22%] Built target custom_interfaces__rosidl_generator_c
[6.382s] [ 25%] [34m[1mGenerating C type support dispatch for ROS interfaces[0m
[7.059s] [35m[1mScanning dependencies of target custom_interfaces__rosidl_typesupport_introspection_cpp[0m
[7.126s] [35m[1mScanning dependencies of target custom_interfaces__rosidl_typesupport_cpp[0m
[7.200s] [ 29%] [32mBuilding CXX object CMakeFiles/custom_interfaces__rosidl_typesupport_introspection_cpp.dir/rosidl_typesupport_introspection_cpp/custom_interfaces/msg/detail/int_list__type_support.cpp.o[0m
[7.205s] [ 32%] [32mBuilding CXX object CMakeFiles/custom_interfaces__rosidl_typesupport_cpp.dir/rosidl_typesupport_cpp/custom_interfaces/msg/int_list__type_support.cpp.o[0m
[7.231s] [35m[1mScanning dependencies of target custom_interfaces__rosidl_typesupport_fastrtps_cpp[0m
[7.332s] [ 35%] [32mBuilding CXX object CMakeFiles/custom_interfaces__rosidl_typesupport_fastrtps_cpp.dir/rosidl_typesupport_fastrtps_cpp/custom_interfaces/msg/detail/dds_fastrtps/int_list__type_support.cpp.o[0m
[7.596s] [35m[1mScanning dependencies of target custom_interfaces__rosidl_typesupport_c[0m
[7.674s] [ 38%] [32mBuilding CXX object CMakeFiles/custom_interfaces__rosidl_typesupport_c.dir/rosidl_typesupport_c/custom_interfaces/msg/int_list__type_support.cpp.o[0m
[7.892s] [ 41%] [32m[1mLinking CXX shared library libcustom_interfaces__rosidl_typesupport_c.so[0m
[8.143s] [ 41%] Built target custom_interfaces__rosidl_typesupport_c
[8.221s] [ 45%] [34m[1mGenerating C introspection for ROS interfaces[0m
[9.106s] [ 48%] [32m[1mLinking CXX shared library libcustom_interfaces__rosidl_typesupport_cpp.so[0m
[9.337s] [ 48%] Built target custom_interfaces__rosidl_typesupport_cpp
[9.517s] [ 51%] [32m[1mLinking CXX shared library libcustom_interfaces__rosidl_typesupport_introspection_cpp.so[0m
[9.704s] [35m[1mScanning dependencies of target custom_interfaces__rosidl_typesupport_introspection_c[0m
[9.771s] [ 54%] [32mBuilding C object CMakeFiles/custom_interfaces__rosidl_typesupport_introspection_c.dir/rosidl_typesupport_introspection_c/custom_interfaces/msg/detail/int_list__type_support.c.o[0m
[9.877s] [ 54%] Built target custom_interfaces__rosidl_typesupport_introspection_cpp
[9.960s] [ 58%] [32m[1mLinking C shared library libcustom_interfaces__rosidl_typesupport_introspection_c.so[0m
[10.089s] [ 58%] Built target custom_interfaces__rosidl_typesupport_introspection_c
[10.304s] [ 61%] [32m[1mLinking CXX shared library libcustom_interfaces__rosidl_typesupport_fastrtps_cpp.so[0m
[10.696s] [ 61%] Built target custom_interfaces__rosidl_typesupport_fastrtps_cpp
[10.741s] [ 64%] [34m[1mGenerating C type support for eProsima Fast-RTPS[0m
[11.698s] [35m[1mScanning dependencies of target custom_interfaces__rosidl_typesupport_fastrtps_c[0m
[11.770s] [ 67%] [32mBuilding CXX object CMakeFiles/custom_interfaces__rosidl_typesupport_fastrtps_c.dir/rosidl_typesupport_fastrtps_c/custom_interfaces/msg/detail/int_list__type_support_c.cpp.o[0m
[13.376s] [ 70%] [32m[1mLinking CXX shared library libcustom_interfaces__rosidl_typesupport_fastrtps_c.so[0m
[13.731s] [ 70%] Built target custom_interfaces__rosidl_typesupport_fastrtps_c
[13.774s] [35m[1mScanning dependencies of target custom_interfaces[0m
[13.817s] [ 70%] Built target custom_interfaces
[13.861s] [35m[1mScanning dependencies of target custom_interfaces__py[0m
[13.904s] [ 74%] [34m[1mGenerating Python code for ROS interfaces[0m
[15.432s] [ 74%] Built target custom_interfaces__py
[15.472s] [35m[1mScanning dependencies of target custom_interfaces__python[0m
[15.646s] [ 77%] [32mBuilding C object CMakeFiles/custom_interfaces__python.dir/rosidl_generator_py/custom_interfaces/msg/_int_list_s.c.o[0m
[16.141s] [ 80%] [32m[1mLinking C shared library rosidl_generator_py/custom_interfaces/libcustom_interfaces__python.so[0m
[16.316s] [ 80%] Built target custom_interfaces__python
[16.365s] [35m[1mScanning dependencies of target custom_interfaces__rosidl_typesupport_introspection_c__pyext[0m
[16.366s] [35m[1mScanning dependencies of target custom_interfaces__rosidl_typesupport_fastrtps_c__pyext[0m
[16.366s] [35m[1mScanning dependencies of target custom_interfaces__rosidl_typesupport_c__pyext[0m
[16.488s] [ 83%] [32mBuilding C object CMakeFiles/custom_interfaces__rosidl_typesupport_introspection_c__pyext.dir/rosidl_generator_py/custom_interfaces/_custom_interfaces_s.ep.rosidl_typesupport_introspection_c.c.o[0m
[16.492s] [ 87%] [32mBuilding C object CMakeFiles/custom_interfaces__rosidl_typesupport_c__pyext.dir/rosidl_generator_py/custom_interfaces/_custom_interfaces_s.ep.rosidl_typesupport_c.c.o[0m
[16.512s] [ 90%] [32mBuilding C object CMakeFiles/custom_interfaces__rosidl_typesupport_fastrtps_c__pyext.dir/rosidl_generator_py/custom_interfaces/_custom_interfaces_s.ep.rosidl_typesupport_fastrtps_c.c.o[0m
[16.898s] [ 93%] [32m[1mLinking C shared library rosidl_generator_py/custom_interfaces/custom_interfaces_s__rosidl_typesupport_c.cpython-38-aarch64-linux-gnu.so[0m
[16.907s] [ 96%] [32m[1mLinking C shared library rosidl_generator_py/custom_interfaces/custom_interfaces_s__rosidl_typesupport_introspection_c.cpython-38-aarch64-linux-gnu.so[0m
[16.992s] [100%] [32m[1mLinking CXX shared library rosidl_generator_py/custom_interfaces/custom_interfaces_s__rosidl_typesupport_fastrtps_c.cpython-38-aarch64-linux-gnu.so[0m
[17.097s] [100%] Built target custom_interfaces__rosidl_typesupport_c__pyext
[17.128s] [100%] Built target custom_interfaces__rosidl_typesupport_introspection_c__pyext
[17.287s] [100%] Built target custom_interfaces__rosidl_typesupport_fastrtps_c__pyext
[17.331s] Invoked command in '/home/ubuntu/deis_ws/build/custom_interfaces' returned '0': CMAKE_PREFIX_PATH=/home/ubuntu/deis_ws/install/py_intersection_mgr:/opt/ros/foxy /usr/bin/cmake --build /home/ubuntu/deis_ws/build/custom_interfaces -- -j4 -l4
[17.646s] Invoking command in '/home/ubuntu/deis_ws/build/custom_interfaces': CMAKE_PREFIX_PATH=/home/ubuntu/deis_ws/install/py_intersection_mgr:/opt/ros/foxy /usr/bin/cmake --install /home/ubuntu/deis_ws/build/custom_interfaces
[17.667s] -- Install configuration: ""
[17.668s] -- Installing: /home/ubuntu/deis_ws/install/custom_interfaces/share/ament_index/resource_index/rosidl_interfaces/custom_interfaces
[17.669s] -- Installing: /home/ubuntu/deis_ws/install/custom_interfaces/include/custom_interfaces
[17.670s] -- Installing: /home/ubuntu/deis_ws/install/custom_interfaces/include/custom_interfaces/msg
[17.671s] -- Installing: /home/ubuntu/deis_ws/install/custom_interfaces/include/custom_interfaces/msg/detail
[17.672s] -- Installing: /home/ubuntu/deis_ws/install/custom_interfaces/include/custom_interfaces/msg/detail/int_list__functions.h
[17.673s] -- Installing: /home/ubuntu/deis_ws/install/custom_interfaces/include/custom_interfaces/msg/detail/int_list__type_support.h
[17.674s] -- Installing: /home/ubuntu/deis_ws/install/custom_interfaces/include/custom_interfaces/msg/detail/int_list__functions.c
[17.675s] -- Installing: /home/ubuntu/deis_ws/install/custom_interfaces/include/custom_interfaces/msg/detail/int_list__struct.h
[17.676s] -- Installing: /home/ubuntu/deis_ws/install/custom_interfaces/include/custom_interfaces/msg/rosidl_generator_c__visibility_control.h
[17.677s] -- Installing: /home/ubuntu/deis_ws/install/custom_interfaces/include/custom_interfaces/msg/int_list.h
[17.679s] -- Installing: /home/ubuntu/deis_ws/install/custom_interfaces/share/custom_interfaces/environment/library_path.sh
[17.680s] -- Installing: /home/ubuntu/deis_ws/install/custom_interfaces/share/custom_interfaces/environment/library_path.dsv
[17.686s] -- Installing: /home/ubuntu/deis_ws/install/custom_interfaces/lib/libcustom_interfaces__rosidl_generator_c.so
[17.687s] -- Set runtime path of "/home/ubuntu/deis_ws/install/custom_interfaces/lib/libcustom_interfaces__rosidl_generator_c.so" to ""
[17.688s] -- Up-to-date: /home/ubuntu/deis_ws/install/custom_interfaces/include/custom_interfaces
[17.688s] -- Up-to-date: /home/ubuntu/deis_ws/install/custom_interfaces/include/custom_interfaces/msg
[17.689s] -- Up-to-date: /home/ubuntu/deis_ws/install/custom_interfaces/include/custom_interfaces/msg/detail
[17.690s] -- Installing: /home/ubuntu/deis_ws/install/custom_interfaces/include/custom_interfaces/msg/detail/int_list__rosidl_typesupport_fastrtps_c.h
[17.690s] -- Installing: /home/ubuntu/deis_ws/install/custom_interfaces/include/custom_interfaces/msg/rosidl_typesupport_fastrtps_c__visibility_control.h
[17.691s] -- Installing: /home/ubuntu/deis_ws/install/custom_interfaces/lib/libcustom_interfaces__rosidl_typesupport_fastrtps_c.so
[17.693s] -- Set runtime path of "/home/ubuntu/deis_ws/install/custom_interfaces/lib/libcustom_interfaces__rosidl_typesupport_fastrtps_c.so" to ""
[17.694s] -- Up-to-date: /home/ubuntu/deis_ws/install/custom_interfaces/include/custom_interfaces
[17.695s] -- Up-to-date: /home/ubuntu/deis_ws/install/custom_interfaces/include/custom_interfaces/msg
[17.695s] -- Up-to-date: /home/ubuntu/deis_ws/install/custom_interfaces/include/custom_interfaces/msg/detail
[17.696s] -- Installing: /home/ubuntu/deis_ws/install/custom_interfaces/include/custom_interfaces/msg/detail/dds_fastrtps
[17.696s] -- Installing: /home/ubuntu/deis_ws/install/custom_interfaces/include/custom_interfaces/msg/detail/int_list__rosidl_typesupport_fastrtps_cpp.hpp
[17.697s] -- Installing: /home/ubuntu/deis_ws/install/custom_interfaces/include/custom_interfaces/msg/rosidl_typesupport_fastrtps_cpp__visibility_control.h
[17.698s] -- Installing: /home/ubuntu/deis_ws/install/custom_interfaces/lib/libcustom_interfaces__rosidl_typesupport_fastrtps_cpp.so
[17.702s] -- Set runtime path of "/home/ubuntu/deis_ws/install/custom_interfaces/lib/libcustom_interfaces__rosidl_typesupport_fastrtps_cpp.so" to ""
[17.703s] -- Up-to-date: /home/ubuntu/deis_ws/install/custom_interfaces/include/custom_interfaces
[17.703s] -- Up-to-date: /home/ubuntu/deis_ws/install/custom_interfaces/include/custom_interfaces/msg
[17.704s] -- Up-to-date: /home/ubuntu/deis_ws/install/custom_interfaces/include/custom_interfaces/msg/detail
[17.704s] -- Installing: /home/ubuntu/deis_ws/install/custom_interfaces/include/custom_interfaces/msg/detail/int_list__type_support.c
[17.705s] -- Installing: /home/ubuntu/deis_ws/install/custom_interfaces/include/custom_interfaces/msg/detail/int_list__rosidl_typesupport_introspection_c.h
[17.706s] -- Installing: /home/ubuntu/deis_ws/install/custom_interfaces/include/custom_interfaces/msg/rosidl_typesupport_introspection_c__visibility_control.h
[17.707s] -- Installing: /home/ubuntu/deis_ws/install/custom_interfaces/lib/libcustom_interfaces__rosidl_typesupport_introspection_c.so
[17.710s] -- Set runtime path of "/home/ubuntu/deis_ws/install/custom_interfaces/lib/libcustom_interfaces__rosidl_typesupport_introspection_c.so" to ""
[17.711s] -- Installing: /home/ubuntu/deis_ws/install/custom_interfaces/lib/libcustom_interfaces__rosidl_typesupport_c.so
[17.714s] -- Set runtime path of "/home/ubuntu/deis_ws/install/custom_interfaces/lib/libcustom_interfaces__rosidl_typesupport_c.so" to ""
[17.714s] -- Up-to-date: /home/ubuntu/deis_ws/install/custom_interfaces/include/custom_interfaces
[17.715s] -- Up-to-date: /home/ubuntu/deis_ws/install/custom_interfaces/include/custom_interfaces/msg
[17.716s] -- Up-to-date: /home/ubuntu/deis_ws/install/custom_interfaces/include/custom_interfaces/msg/detail
[17.717s] -- Installing: /home/ubuntu/deis_ws/install/custom_interfaces/include/custom_interfaces/msg/detail/int_list__traits.hpp
[17.718s] -- Installing: /home/ubuntu/deis_ws/install/custom_interfaces/include/custom_interfaces/msg/detail/int_list__struct.hpp
[17.718s] -- Installing: /home/ubuntu/deis_ws/install/custom_interfaces/include/custom_interfaces/msg/detail/int_list__builder.hpp
[17.719s] -- Installing: /home/ubuntu/deis_ws/install/custom_interfaces/include/custom_interfaces/msg/int_list.hpp
[17.721s] -- Up-to-date: /home/ubuntu/deis_ws/install/custom_interfaces/include/custom_interfaces
[17.722s] -- Up-to-date: /home/ubuntu/deis_ws/install/custom_interfaces/include/custom_interfaces/msg
[17.722s] -- Up-to-date: /home/ubuntu/deis_ws/install/custom_interfaces/include/custom_interfaces/msg/detail
[17.723s] -- Installing: /home/ubuntu/deis_ws/install/custom_interfaces/include/custom_interfaces/msg/detail/int_list__type_support.cpp
[17.723s] -- Installing: /home/ubuntu/deis_ws/install/custom_interfaces/include/custom_interfaces/msg/detail/int_list__rosidl_typesupport_introspection_cpp.hpp
[17.724s] -- Installing: /home/ubuntu/deis_ws/install/custom_interfaces/lib/libcustom_interfaces__rosidl_typesupport_introspection_cpp.so
[17.728s] -- Set runtime path of "/home/ubuntu/deis_ws/install/custom_interfaces/lib/libcustom_interfaces__rosidl_typesupport_introspection_cpp.so" to ""
[17.729s] -- Installing: /home/ubuntu/deis_ws/install/custom_interfaces/lib/libcustom_interfaces__rosidl_typesupport_cpp.so
[17.731s] -- Set runtime path of "/home/ubuntu/deis_ws/install/custom_interfaces/lib/libcustom_interfaces__rosidl_typesupport_cpp.so" to ""
[17.732s] -- Installing: /home/ubuntu/deis_ws/install/custom_interfaces/share/custom_interfaces/environment/pythonpath.sh
[17.733s] -- Installing: /home/ubuntu/deis_ws/install/custom_interfaces/share/custom_interfaces/environment/pythonpath.dsv
[17.735s] -- Installing: /home/ubuntu/deis_ws/install/custom_interfaces/lib/python3.8/site-packages/custom_interfaces/__init__.py
[17.880s] Compiling '/home/ubuntu/deis_ws/install/custom_interfaces/lib/python3.8/site-packages/custom_interfaces/__init__.py'...
[17.904s] -- Installing: /home/ubuntu/deis_ws/install/custom_interfaces/lib/python3.8/site-packages/custom_interfaces/msg
[17.905s] -- Installing: /home/ubuntu/deis_ws/install/custom_interfaces/lib/python3.8/site-packages/custom_interfaces/msg/_int_list_s.c
[17.906s] -- Installing: /home/ubuntu/deis_ws/install/custom_interfaces/lib/python3.8/site-packages/custom_interfaces/msg/__init__.py
[17.907s] -- Installing: /home/ubuntu/deis_ws/install/custom_interfaces/lib/python3.8/site-packages/custom_interfaces/msg/_int_list.py
[17.909s] -- Installing: /home/ubuntu/deis_ws/install/custom_interfaces/lib/python3.8/site-packages/custom_interfaces/custom_interfaces_s__rosidl_typesupport_fastrtps_c.cpython-38-aarch64-linux-gnu.so
[17.913s] -- Set runtime path of "/home/ubuntu/deis_ws/install/custom_interfaces/lib/python3.8/site-packages/custom_interfaces/custom_interfaces_s__rosidl_typesupport_fastrtps_c.cpython-38-aarch64-linux-gnu.so" to ""
[17.914s] -- Installing: /home/ubuntu/deis_ws/install/custom_interfaces/lib/python3.8/site-packages/custom_interfaces/custom_interfaces_s__rosidl_typesupport_introspection_c.cpython-38-aarch64-linux-gnu.so
[17.917s] -- Set runtime path of "/home/ubuntu/deis_ws/install/custom_interfaces/lib/python3.8/site-packages/custom_interfaces/custom_interfaces_s__rosidl_typesupport_introspection_c.cpython-38-aarch64-linux-gnu.so" to ""
[17.918s] -- Installing: /home/ubuntu/deis_ws/install/custom_interfaces/lib/python3.8/site-packages/custom_interfaces/custom_interfaces_s__rosidl_typesupport_c.cpython-38-aarch64-linux-gnu.so
[17.922s] -- Set runtime path of "/home/ubuntu/deis_ws/install/custom_interfaces/lib/python3.8/site-packages/custom_interfaces/custom_interfaces_s__rosidl_typesupport_c.cpython-38-aarch64-linux-gnu.so" to ""
[17.922s] -- Installing: /home/ubuntu/deis_ws/install/custom_interfaces/lib/libcustom_interfaces__python.so
[17.925s] -- Set runtime path of "/home/ubuntu/deis_ws/install/custom_interfaces/lib/libcustom_interfaces__python.so" to ""
[17.926s] -- Installing: /home/ubuntu/deis_ws/install/custom_interfaces/share/custom_interfaces/msg/IntList.idl
[17.927s] -- Installing: /home/ubuntu/deis_ws/install/custom_interfaces/share/custom_interfaces/msg/IntList.msg
[17.929s] -- Installing: /home/ubuntu/deis_ws/install/custom_interfaces/share/ament_index/resource_index/package_run_dependencies/custom_interfaces
[17.931s] -- Installing: /home/ubuntu/deis_ws/install/custom_interfaces/share/ament_index/resource_index/parent_prefix_path/custom_interfaces
[17.932s] -- Installing: /home/ubuntu/deis_ws/install/custom_interfaces/share/custom_interfaces/environment/ament_prefix_path.sh
[17.934s] -- Installing: /home/ubuntu/deis_ws/install/custom_interfaces/share/custom_interfaces/environment/ament_prefix_path.dsv
[17.935s] -- Installing: /home/ubuntu/deis_ws/install/custom_interfaces/share/custom_interfaces/environment/path.sh
[17.936s] -- Installing: /home/ubuntu/deis_ws/install/custom_interfaces/share/custom_interfaces/environment/path.dsv
[17.938s] -- Installing: /home/ubuntu/deis_ws/install/custom_interfaces/share/custom_interfaces/local_setup.bash
[17.939s] -- Installing: /home/ubuntu/deis_ws/install/custom_interfaces/share/custom_interfaces/local_setup.sh
[17.940s] -- Installing: /home/ubuntu/deis_ws/install/custom_interfaces/share/custom_interfaces/local_setup.zsh
[17.942s] -- Installing: /home/ubuntu/deis_ws/install/custom_interfaces/share/custom_interfaces/local_setup.dsv
[17.943s] -- Installing: /home/ubuntu/deis_ws/install/custom_interfaces/share/custom_interfaces/package.dsv
[17.945s] -- Installing: /home/ubuntu/deis_ws/install/custom_interfaces/share/ament_index/resource_index/packages/custom_interfaces
[17.946s] -- Installing: /home/ubuntu/deis_ws/install/custom_interfaces/share/custom_interfaces/cmake/custom_interfaces__rosidl_generator_cExport.cmake
[17.948s] -- Installing: /home/ubuntu/deis_ws/install/custom_interfaces/share/custom_interfaces/cmake/custom_interfaces__rosidl_generator_cExport-noconfig.cmake
[17.950s] -- Installing: /home/ubuntu/deis_ws/install/custom_interfaces/share/custom_interfaces/cmake/custom_interfaces__rosidl_typesupport_introspection_cExport.cmake
[17.952s] -- Installing: /home/ubuntu/deis_ws/install/custom_interfaces/share/custom_interfaces/cmake/custom_interfaces__rosidl_typesupport_introspection_cExport-noconfig.cmake
[17.953s] -- Installing: /home/ubuntu/deis_ws/install/custom_interfaces/share/custom_interfaces/cmake/custom_interfaces__rosidl_typesupport_cExport.cmake
[17.955s] -- Installing: /home/ubuntu/deis_ws/install/custom_interfaces/share/custom_interfaces/cmake/custom_interfaces__rosidl_typesupport_cExport-noconfig.cmake
[17.957s] -- Installing: /home/ubuntu/deis_ws/install/custom_interfaces/share/custom_interfaces/cmake/custom_interfaces__rosidl_generator_cppExport.cmake
[17.959s] -- Installing: /home/ubuntu/deis_ws/install/custom_interfaces/share/custom_interfaces/cmake/custom_interfaces__rosidl_typesupport_introspection_cppExport.cmake
[17.960s] -- Installing: /home/ubuntu/deis_ws/install/custom_interfaces/share/custom_interfaces/cmake/custom_interfaces__rosidl_typesupport_introspection_cppExport-noconfig.cmake
[17.962s] -- Installing: /home/ubuntu/deis_ws/install/custom_interfaces/share/custom_interfaces/cmake/custom_interfaces__rosidl_typesupport_cppExport.cmake
[17.964s] -- Installing: /home/ubuntu/deis_ws/install/custom_interfaces/share/custom_interfaces/cmake/custom_interfaces__rosidl_typesupport_cppExport-noconfig.cmake
[17.965s] -- Installing: /home/ubuntu/deis_ws/install/custom_interfaces/share/custom_interfaces/cmake/rosidl_cmake-extras.cmake
[17.968s] -- Installing: /home/ubuntu/deis_ws/install/custom_interfaces/share/custom_interfaces/cmake/ament_cmake_export_dependencies-extras.cmake
[17.968s] -- Installing: /home/ubuntu/deis_ws/install/custom_interfaces/share/custom_interfaces/cmake/ament_cmake_export_libraries-extras.cmake
[17.969s] -- Installing: /home/ubuntu/deis_ws/install/custom_interfaces/share/custom_interfaces/cmake/ament_cmake_export_targets-extras.cmake
[17.971s] -- Installing: /home/ubuntu/deis_ws/install/custom_interfaces/share/custom_interfaces/cmake/ament_cmake_export_include_directories-extras.cmake
[17.973s] -- Installing: /home/ubuntu/deis_ws/install/custom_interfaces/share/custom_interfaces/cmake/rosidl_cmake_export_typesupport_libraries-extras.cmake
[17.974s] -- Installing: /home/ubuntu/deis_ws/install/custom_interfaces/share/custom_interfaces/cmake/rosidl_cmake_export_typesupport_targets-extras.cmake
[17.976s] -- Installing: /home/ubuntu/deis_ws/install/custom_interfaces/share/custom_interfaces/cmake/custom_interfacesConfig.cmake
[17.977s] -- Installing: /home/ubuntu/deis_ws/install/custom_interfaces/share/custom_interfaces/cmake/custom_interfacesConfig-version.cmake
[17.978s] -- Installing: /home/ubuntu/deis_ws/install/custom_interfaces/share/custom_interfaces/package.xml
[17.989s] Invoked command in '/home/ubuntu/deis_ws/build/custom_interfaces' returned '0': CMAKE_PREFIX_PATH=/home/ubuntu/deis_ws/install/py_intersection_mgr:/opt/ros/foxy /usr/bin/cmake --install /home/ubuntu/deis_ws/build/custom_interfaces
