[1.055s] Invoking command in '/home/ubuntu/deis_ws/src/py_intersection_mgr': PYTHONPATH=/home/ubuntu/deis_ws/install/py_intersection_mgr/lib/python3.8/site-packages:/home/ubuntu/deis_ws/install/custom_interfaces/lib/python3.8/site-packages:/home/ubuntu/deis_ws/install/py_intersection_mgr/lib/python3.8/site-packages:/opt/ros/foxy/lib/python3.8/site-packages /usr/bin/python3 setup.py egg_info --egg-base ../../build/py_intersection_mgr build --build-base /home/ubuntu/deis_ws/build/py_intersection_mgr/build install --prefix /home/ubuntu/deis_ws/install/py_intersection_mgr --record /home/ubuntu/deis_ws/build/py_intersection_mgr/install.log --single-version-externally-managed
[1.929s] running egg_info
[1.932s] writing ../../build/py_intersection_mgr/py_intersection_mgr.egg-info/PKG-INFO
[1.936s] writing dependency_links to ../../build/py_intersection_mgr/py_intersection_mgr.egg-info/dependency_links.txt
[1.938s] writing entry points to ../../build/py_intersection_mgr/py_intersection_mgr.egg-info/entry_points.txt
[1.940s] writing requirements to ../../build/py_intersection_mgr/py_intersection_mgr.egg-info/requires.txt
[1.941s] writing top-level names to ../../build/py_intersection_mgr/py_intersection_mgr.egg-info/top_level.txt
[2.083s] reading manifest file '../../build/py_intersection_mgr/py_intersection_mgr.egg-info/SOURCES.txt'
[2.089s] writing manifest file '../../build/py_intersection_mgr/py_intersection_mgr.egg-info/SOURCES.txt'
[2.090s] running build
[2.091s] running build_py
[2.092s] copying py_intersection_mgr/intersection_mgr.py -> /home/ubuntu/deis_ws/build/py_intersection_mgr/build/lib/py_intersection_mgr
[2.093s] running install
[2.097s] running install_lib
[2.102s] copying /home/ubuntu/deis_ws/build/py_intersection_mgr/build/lib/py_intersection_mgr/intersection_mgr.py -> /home/ubuntu/deis_ws/install/py_intersection_mgr/lib/python3.8/site-packages/py_intersection_mgr
[2.106s] byte-compiling /home/ubuntu/deis_ws/install/py_intersection_mgr/lib/python3.8/site-packages/py_intersection_mgr/intersection_mgr.py to intersection_mgr.cpython-38.pyc
[2.116s] running install_data
[2.119s] running install_egg_info
[2.127s] removing '/home/ubuntu/deis_ws/install/py_intersection_mgr/lib/python3.8/site-packages/py_intersection_mgr-0.0.0-py3.8.egg-info' (and everything under it)
[2.129s] Copying ../../build/py_intersection_mgr/py_intersection_mgr.egg-info to /home/ubuntu/deis_ws/install/py_intersection_mgr/lib/python3.8/site-packages/py_intersection_mgr-0.0.0-py3.8.egg-info
[2.138s] running install_scripts
[2.211s] Installing intersection script to /home/ubuntu/deis_ws/install/py_intersection_mgr/lib/py_intersection_mgr
[2.213s] writing list of installed files to '/home/ubuntu/deis_ws/build/py_intersection_mgr/install.log'
[2.317s] Invoked command in '/home/ubuntu/deis_ws/src/py_intersection_mgr' returned '0': PYTHONPATH=/home/ubuntu/deis_ws/install/py_intersection_mgr/lib/python3.8/site-packages:/home/ubuntu/deis_ws/install/custom_interfaces/lib/python3.8/site-packages:/home/ubuntu/deis_ws/install/py_intersection_mgr/lib/python3.8/site-packages:/opt/ros/foxy/lib/python3.8/site-packages /usr/bin/python3 setup.py egg_info --egg-base ../../build/py_intersection_mgr build --build-base /home/ubuntu/deis_ws/build/py_intersection_mgr/build install --prefix /home/ubuntu/deis_ws/install/py_intersection_mgr --record /home/ubuntu/deis_ws/build/py_intersection_mgr/install.log --single-version-externally-managed
