[1.019s] Invoking command in '/home/ubuntu/deis_ws/src/py_intersection_mgr': PYTHONPATH=/home/ubuntu/deis_ws/install/py_intersection_mgr/lib/python3.8/site-packages:${PYTHONPATH} /usr/bin/python3 setup.py egg_info --egg-base ../../build/py_intersection_mgr build --build-base /home/ubuntu/deis_ws/build/py_intersection_mgr/build install --prefix /home/ubuntu/deis_ws/install/py_intersection_mgr --record /home/ubuntu/deis_ws/build/py_intersection_mgr/install.log --single-version-externally-managed
[1.883s] running egg_info
[1.886s] writing ../../build/py_intersection_mgr/py_intersection_mgr.egg-info/PKG-INFO
[1.888s] writing dependency_links to ../../build/py_intersection_mgr/py_intersection_mgr.egg-info/dependency_links.txt
[1.889s] writing entry points to ../../build/py_intersection_mgr/py_intersection_mgr.egg-info/entry_points.txt
[1.890s] writing requirements to ../../build/py_intersection_mgr/py_intersection_mgr.egg-info/requires.txt
[1.890s] writing top-level names to ../../build/py_intersection_mgr/py_intersection_mgr.egg-info/top_level.txt
[2.033s] reading manifest file '../../build/py_intersection_mgr/py_intersection_mgr.egg-info/SOURCES.txt'
[2.038s] writing manifest file '../../build/py_intersection_mgr/py_intersection_mgr.egg-info/SOURCES.txt'
[2.039s] running build
[2.040s] running build_py
[2.040s] copying py_intersection_mgr/intersection_mgr.py -> /home/ubuntu/deis_ws/build/py_intersection_mgr/build/lib/py_intersection_mgr
[2.042s] running install
[2.045s] running install_lib
[2.050s] copying /home/ubuntu/deis_ws/build/py_intersection_mgr/build/lib/py_intersection_mgr/intersection_mgr.py -> /home/ubuntu/deis_ws/install/py_intersection_mgr/lib/python3.8/site-packages/py_intersection_mgr
[2.053s] byte-compiling /home/ubuntu/deis_ws/install/py_intersection_mgr/lib/python3.8/site-packages/py_intersection_mgr/intersection_mgr.py to intersection_mgr.cpython-38.pyc
[2.062s] running install_data
[2.065s] running install_egg_info
[2.072s] removing '/home/ubuntu/deis_ws/install/py_intersection_mgr/lib/python3.8/site-packages/py_intersection_mgr-0.0.0-py3.8.egg-info' (and everything under it)
[2.074s] Copying ../../build/py_intersection_mgr/py_intersection_mgr.egg-info to /home/ubuntu/deis_ws/install/py_intersection_mgr/lib/python3.8/site-packages/py_intersection_mgr-0.0.0-py3.8.egg-info
[2.081s] running install_scripts
[2.151s] Installing intersection script to /home/ubuntu/deis_ws/install/py_intersection_mgr/lib/py_intersection_mgr
[2.153s] writing list of installed files to '/home/ubuntu/deis_ws/build/py_intersection_mgr/install.log'
[2.253s] Invoked command in '/home/ubuntu/deis_ws/src/py_intersection_mgr' returned '0': PYTHONPATH=/home/ubuntu/deis_ws/install/py_intersection_mgr/lib/python3.8/site-packages:${PYTHONPATH} /usr/bin/python3 setup.py egg_info --egg-base ../../build/py_intersection_mgr build --build-base /home/ubuntu/deis_ws/build/py_intersection_mgr/build install --prefix /home/ubuntu/deis_ws/install/py_intersection_mgr --record /home/ubuntu/deis_ws/build/py_intersection_mgr/install.log --single-version-externally-managed
