[0.066s] Invoking command in '/home/ubuntu/deis_ws/build/custom_interfaces': CMAKE_PREFIX_PATH=${CMAKE_PREFIX_PATH}:/home/ubuntu/deis_ws/install/py_intersection_mgr:/opt/ros/foxy /usr/bin/cmake --build /home/ubuntu/deis_ws/build/custom_interfaces -- -j4 -l4
[0.458s] -- Found ament_cmake: 0.9.7 (/opt/ros/foxy/share/ament_cmake/cmake)
[0.576s] -- Found PythonInterp: /usr/bin/python3 (found suitable version "3.8.5", minimum required is "3") 
[0.577s] -- Using PYTHON_EXECUTABLE: /usr/bin/python3
[1.411s] -- Found ament_lint_auto: 0.9.5 (/opt/ros/foxy/share/ament_lint_auto/cmake)
[1.712s] -- Found rosidl_default_generators: 1.0.0 (/opt/ros/foxy/share/rosidl_default_generators/cmake)
[1.730s] -- Using all available rosidl_typesupport_c: rosidl_typesupport_fastrtps_c;rosidl_typesupport_introspection_c
[1.752s] -- Found rosidl_adapter: 1.1.0 (/opt/ros/foxy/share/rosidl_adapter/cmake)
[2.715s] -- Using all available rosidl_typesupport_cpp: rosidl_typesupport_fastrtps_cpp;rosidl_typesupport_introspection_cpp
[2.952s] -- Found PythonInterp: /usr/bin/python3 (found version "3.8.5") 
[3.281s] -- Found ament_cmake_ros: 0.9.0 (/opt/ros/foxy/share/ament_cmake_ros/cmake)
[3.987s] -- Using all available rosidl_typesupport_c: rosidl_typesupport_fastrtps_c;rosidl_typesupport_introspection_c
[4.041s] -- Using all available rosidl_typesupport_cpp: rosidl_typesupport_fastrtps_cpp;rosidl_typesupport_introspection_cpp
[4.151s] -- Found PythonInterp: /usr/bin/python3 (found suitable version "3.8.5", minimum required is "3.5") 
[4.156s] -- Found python_cmake_module: 0.8.0 (/opt/ros/foxy/share/python_cmake_module/cmake)
[4.273s] -- Using PYTHON_EXECUTABLE: /usr/bin/python3
[4.274s] -- Using PYTHON_INCLUDE_DIRS: /usr/include/python3.8
[4.275s] -- Using PYTHON_LIBRARIES: /usr/lib/aarch64-linux-gnu/libpython3.8.so
[4.366s] -- Added test 'copyright' to check source files copyright and LICENSE
[4.387s] -- Added test 'lint_cmake' to check CMake code style
[4.401s] -- Added test 'xmllint' to check XML markup files
[4.467s] -- Configuring done
[4.750s] -- Generating done
[4.772s] -- Build files have been written to: /home/ubuntu/deis_ws/build/custom_interfaces
[4.887s] [35m[1mScanning dependencies of target custom_interfaces__cpp[0m
[4.890s] [  2%] [34m[1mGenerating C code for ROS interfaces[0m
[4.938s] [  5%] [34m[1mGenerating C++ code for ROS interfaces[0m
[6.292s] [  5%] Built target custom_interfaces__cpp
[6.351s] [  7%] [34m[1mGenerating C++ type support dispatch for ROS interfaces[0m
[6.354s] [ 10%] [34m[1mGenerating C++ type support for eProsima Fast-RTPS[0m
[6.356s] [ 12%] [34m[1mGenerating C++ introspection for ROS interfaces[0m
[6.358s] [35m[1mScanning dependencies of target custom_interfaces__rosidl_generator_c[0m
[6.436s] [ 15%] [32mBuilding C object CMakeFiles/custom_interfaces__rosidl_generator_c.dir/rosidl_generator_c/custom_interfaces/msg/detail/int_list__functions.c.o[0m
[7.364s] [ 17%] [32mBuilding C object CMakeFiles/custom_interfaces__rosidl_generator_c.dir/rosidl_generator_c/custom_interfaces/msg/detail/int__functions.c.o[0m
[7.591s] [35m[1mScanning dependencies of target custom_interfaces__rosidl_typesupport_cpp[0m
[7.605s] [ 20%] [32m[1mLinking C shared library libcustom_interfaces__rosidl_generator_c.so[0m
[7.732s] [ 23%] [32mBuilding CXX object CMakeFiles/custom_interfaces__rosidl_typesupport_cpp.dir/rosidl_typesupport_cpp/custom_interfaces/msg/int_list__type_support.cpp.o[0m
[7.887s] [35m[1mScanning dependencies of target custom_interfaces__rosidl_typesupport_fastrtps_cpp[0m
[7.921s] [ 23%] Built target custom_interfaces__rosidl_generator_c
[7.932s] [35m[1mScanning dependencies of target custom_interfaces__rosidl_typesupport_introspection_cpp[0m
[7.978s] [ 25%] [34m[1mGenerating C type support dispatch for ROS interfaces[0m
[7.995s] [ 28%] [32mBuilding CXX object CMakeFiles/custom_interfaces__rosidl_typesupport_fastrtps_cpp.dir/rosidl_typesupport_fastrtps_cpp/custom_interfaces/msg/detail/dds_fastrtps/int_list__type_support.cpp.o[0m
[8.006s] [ 30%] [32mBuilding CXX object CMakeFiles/custom_interfaces__rosidl_typesupport_introspection_cpp.dir/rosidl_typesupport_introspection_cpp/custom_interfaces/msg/detail/int_list__type_support.cpp.o[0m
[9.251s] [35m[1mScanning dependencies of target custom_interfaces__rosidl_typesupport_c[0m
[9.367s] [ 33%] [32mBuilding CXX object CMakeFiles/custom_interfaces__rosidl_typesupport_c.dir/rosidl_typesupport_c/custom_interfaces/msg/int_list__type_support.cpp.o[0m
[9.663s] [ 35%] [32mBuilding CXX object CMakeFiles/custom_interfaces__rosidl_typesupport_c.dir/rosidl_typesupport_c/custom_interfaces/msg/int__type_support.cpp.o[0m
[9.875s] [ 38%] [32m[1mLinking CXX shared library libcustom_interfaces__rosidl_typesupport_c.so[0m
[10.087s] [ 41%] [32mBuilding CXX object CMakeFiles/custom_interfaces__rosidl_typesupport_cpp.dir/rosidl_typesupport_cpp/custom_interfaces/msg/int__type_support.cpp.o[0m
[10.121s] [ 41%] Built target custom_interfaces__rosidl_typesupport_c
[10.187s] [ 43%] [34m[1mGenerating C introspection for ROS interfaces[0m
[10.414s] [ 46%] [32mBuilding CXX object CMakeFiles/custom_interfaces__rosidl_typesupport_introspection_cpp.dir/rosidl_typesupport_introspection_cpp/custom_interfaces/msg/detail/int__type_support.cpp.o[0m
[11.257s] [ 48%] [32mBuilding CXX object CMakeFiles/custom_interfaces__rosidl_typesupport_fastrtps_cpp.dir/rosidl_typesupport_fastrtps_cpp/custom_interfaces/msg/detail/dds_fastrtps/int__type_support.cpp.o[0m
[11.894s] [35m[1mScanning dependencies of target custom_interfaces__rosidl_typesupport_introspection_c[0m
[11.979s] [ 51%] [32mBuilding C object CMakeFiles/custom_interfaces__rosidl_typesupport_introspection_c.dir/rosidl_typesupport_introspection_c/custom_interfaces/msg/detail/int_list__type_support.c.o[0m
[11.992s] [ 53%] [32m[1mLinking CXX shared library libcustom_interfaces__rosidl_typesupport_cpp.so[0m
[12.214s] [ 53%] Built target custom_interfaces__rosidl_typesupport_cpp
[12.248s] [ 56%] [32mBuilding C object CMakeFiles/custom_interfaces__rosidl_typesupport_introspection_c.dir/rosidl_typesupport_introspection_c/custom_interfaces/msg/detail/int__type_support.c.o[0m
[12.302s] [ 58%] [32m[1mLinking CXX shared library libcustom_interfaces__rosidl_typesupport_introspection_cpp.so[0m
[12.468s] [ 61%] [32m[1mLinking C shared library libcustom_interfaces__rosidl_typesupport_introspection_c.so[0m
[12.654s] [ 61%] Built target custom_interfaces__rosidl_typesupport_introspection_c
[12.681s] [ 61%] Built target custom_interfaces__rosidl_typesupport_introspection_cpp
[13.637s] [ 64%] [32m[1mLinking CXX shared library libcustom_interfaces__rosidl_typesupport_fastrtps_cpp.so[0m
[13.979s] [ 64%] Built target custom_interfaces__rosidl_typesupport_fastrtps_cpp
[14.030s] [ 66%] [34m[1mGenerating C type support for eProsima Fast-RTPS[0m
[15.137s] [35m[1mScanning dependencies of target custom_interfaces__rosidl_typesupport_fastrtps_c[0m
[15.207s] [ 71%] [32mBuilding CXX object CMakeFiles/custom_interfaces__rosidl_typesupport_fastrtps_c.dir/rosidl_typesupport_fastrtps_c/custom_interfaces/msg/detail/int__type_support_c.cpp.o[0m
[15.209s] [ 71%] [32mBuilding CXX object CMakeFiles/custom_interfaces__rosidl_typesupport_fastrtps_c.dir/rosidl_typesupport_fastrtps_c/custom_interfaces/msg/detail/int_list__type_support_c.cpp.o[0m
[16.948s] [ 74%] [32m[1mLinking CXX shared library libcustom_interfaces__rosidl_typesupport_fastrtps_c.so[0m
[17.294s] [ 74%] Built target custom_interfaces__rosidl_typesupport_fastrtps_c
[17.392s] [ 74%] Built target custom_interfaces
[17.445s] [35m[1mScanning dependencies of target custom_interfaces__py[0m
[17.495s] [ 76%] [34m[1mGenerating Python code for ROS interfaces[0m
[19.317s] [ 76%] Built target custom_interfaces__py
[19.375s] [35m[1mScanning dependencies of target custom_interfaces__python[0m
[19.475s] [ 82%] [32mBuilding C object CMakeFiles/custom_interfaces__python.dir/rosidl_generator_py/custom_interfaces/msg/_int_list_s.c.o[0m
[19.476s] [ 82%] [32mBuilding C object CMakeFiles/custom_interfaces__python.dir/rosidl_generator_py/custom_interfaces/msg/_int_s.c.o[0m
[20.089s] [ 84%] [32m[1mLinking C shared library rosidl_generator_py/custom_interfaces/libcustom_interfaces__python.so[0m
[20.265s] [ 84%] Built target custom_interfaces__python
[20.326s] [35m[1mScanning dependencies of target custom_interfaces__rosidl_typesupport_fastrtps_c__pyext[0m
[20.327s] [35m[1mScanning dependencies of target custom_interfaces__rosidl_typesupport_introspection_c__pyext[0m
[20.334s] [35m[1mScanning dependencies of target custom_interfaces__rosidl_typesupport_c__pyext[0m
[20.436s] [ 87%] [32mBuilding C object CMakeFiles/custom_interfaces__rosidl_typesupport_fastrtps_c__pyext.dir/rosidl_generator_py/custom_interfaces/_custom_interfaces_s.ep.rosidl_typesupport_fastrtps_c.c.o[0m
[20.470s] [ 89%] [32mBuilding C object CMakeFiles/custom_interfaces__rosidl_typesupport_introspection_c__pyext.dir/rosidl_generator_py/custom_interfaces/_custom_interfaces_s.ep.rosidl_typesupport_introspection_c.c.o[0m
[20.478s] [ 92%] [32mBuilding C object CMakeFiles/custom_interfaces__rosidl_typesupport_c__pyext.dir/rosidl_generator_py/custom_interfaces/_custom_interfaces_s.ep.rosidl_typesupport_c.c.o[0m
[20.915s] [ 94%] [32m[1mLinking C shared library rosidl_generator_py/custom_interfaces/custom_interfaces_s__rosidl_typesupport_introspection_c.cpython-38-aarch64-linux-gnu.so[0m
[20.919s] [ 97%] [32m[1mLinking C shared library rosidl_generator_py/custom_interfaces/custom_interfaces_s__rosidl_typesupport_c.cpython-38-aarch64-linux-gnu.so[0m
[20.934s] [100%] [32m[1mLinking CXX shared library rosidl_generator_py/custom_interfaces/custom_interfaces_s__rosidl_typesupport_fastrtps_c.cpython-38-aarch64-linux-gnu.so[0m
[21.133s] [100%] Built target custom_interfaces__rosidl_typesupport_c__pyext
[21.139s] [100%] Built target custom_interfaces__rosidl_typesupport_introspection_c__pyext
[21.260s] [100%] Built target custom_interfaces__rosidl_typesupport_fastrtps_c__pyext
[21.308s] Invoked command in '/home/ubuntu/deis_ws/build/custom_interfaces' returned '0': CMAKE_PREFIX_PATH=${CMAKE_PREFIX_PATH}:/home/ubuntu/deis_ws/install/py_intersection_mgr:/opt/ros/foxy /usr/bin/cmake --build /home/ubuntu/deis_ws/build/custom_interfaces -- -j4 -l4
[21.701s] Invoking command in '/home/ubuntu/deis_ws/build/custom_interfaces': CMAKE_PREFIX_PATH=${CMAKE_PREFIX_PATH}:/home/ubuntu/deis_ws/install/py_intersection_mgr:/opt/ros/foxy /usr/bin/cmake --install /home/ubuntu/deis_ws/build/custom_interfaces
[21.737s] -- Install configuration: ""
[21.738s] -- Installing: /home/ubuntu/deis_ws/install/custom_interfaces/share/ament_index/resource_index/rosidl_interfaces/custom_interfaces
[21.739s] -- Up-to-date: /home/ubuntu/deis_ws/install/custom_interfaces/include/custom_interfaces
[21.740s] -- Up-to-date: /home/ubuntu/deis_ws/install/custom_interfaces/include/custom_interfaces/msg
[21.741s] -- Up-to-date: /home/ubuntu/deis_ws/install/custom_interfaces/include/custom_interfaces/msg/detail
[21.742s] -- Installing: /home/ubuntu/deis_ws/install/custom_interfaces/include/custom_interfaces/msg/detail/int_list__functions.h
[21.742s] -- Installing: /home/ubuntu/deis_ws/install/custom_interfaces/include/custom_interfaces/msg/detail/int_list__type_support.h
[21.743s] -- Installing: /home/ubuntu/deis_ws/install/custom_interfaces/include/custom_interfaces/msg/detail/int_list__functions.c
[21.744s] -- Installing: /home/ubuntu/deis_ws/install/custom_interfaces/include/custom_interfaces/msg/detail/int__struct.h
[21.745s] -- Installing: /home/ubuntu/deis_ws/install/custom_interfaces/include/custom_interfaces/msg/detail/int__type_support.h
[21.747s] -- Installing: /home/ubuntu/deis_ws/install/custom_interfaces/include/custom_interfaces/msg/detail/int__functions.c
[21.748s] -- Installing: /home/ubuntu/deis_ws/install/custom_interfaces/include/custom_interfaces/msg/detail/int_list__struct.h
[21.749s] -- Installing: /home/ubuntu/deis_ws/install/custom_interfaces/include/custom_interfaces/msg/detail/int__functions.h
[21.750s] -- Up-to-date: /home/ubuntu/deis_ws/install/custom_interfaces/include/custom_interfaces/msg/rosidl_generator_c__visibility_control.h
[21.751s] -- Installing: /home/ubuntu/deis_ws/install/custom_interfaces/include/custom_interfaces/msg/int.h
[21.751s] -- Installing: /home/ubuntu/deis_ws/install/custom_interfaces/include/custom_interfaces/msg/int_list.h
[21.754s] -- Up-to-date: /home/ubuntu/deis_ws/install/custom_interfaces/share/custom_interfaces/environment/library_path.sh
[21.754s] -- Installing: /home/ubuntu/deis_ws/install/custom_interfaces/share/custom_interfaces/environment/library_path.dsv
[21.756s] -- Installing: /home/ubuntu/deis_ws/install/custom_interfaces/lib/libcustom_interfaces__rosidl_generator_c.so
[21.759s] -- Set runtime path of "/home/ubuntu/deis_ws/install/custom_interfaces/lib/libcustom_interfaces__rosidl_generator_c.so" to ""
[21.760s] -- Up-to-date: /home/ubuntu/deis_ws/install/custom_interfaces/include/custom_interfaces
[21.761s] -- Up-to-date: /home/ubuntu/deis_ws/install/custom_interfaces/include/custom_interfaces/msg
[21.762s] -- Up-to-date: /home/ubuntu/deis_ws/install/custom_interfaces/include/custom_interfaces/msg/detail
[21.762s] -- Installing: /home/ubuntu/deis_ws/install/custom_interfaces/include/custom_interfaces/msg/detail/int_list__rosidl_typesupport_fastrtps_c.h
[21.763s] -- Installing: /home/ubuntu/deis_ws/install/custom_interfaces/include/custom_interfaces/msg/detail/int__rosidl_typesupport_fastrtps_c.h
[21.764s] -- Up-to-date: /home/ubuntu/deis_ws/install/custom_interfaces/include/custom_interfaces/msg/rosidl_typesupport_fastrtps_c__visibility_control.h
[21.765s] -- Installing: /home/ubuntu/deis_ws/install/custom_interfaces/lib/libcustom_interfaces__rosidl_typesupport_fastrtps_c.so
[21.769s] -- Set runtime path of "/home/ubuntu/deis_ws/install/custom_interfaces/lib/libcustom_interfaces__rosidl_typesupport_fastrtps_c.so" to ""
[21.769s] -- Up-to-date: /home/ubuntu/deis_ws/install/custom_interfaces/include/custom_interfaces
[21.770s] -- Up-to-date: /home/ubuntu/deis_ws/install/custom_interfaces/include/custom_interfaces/msg
[21.771s] -- Up-to-date: /home/ubuntu/deis_ws/install/custom_interfaces/include/custom_interfaces/msg/detail
[21.771s] -- Installing: /home/ubuntu/deis_ws/install/custom_interfaces/include/custom_interfaces/msg/detail/int__rosidl_typesupport_fastrtps_cpp.hpp
[21.772s] -- Up-to-date: /home/ubuntu/deis_ws/install/custom_interfaces/include/custom_interfaces/msg/detail/dds_fastrtps
[21.773s] -- Installing: /home/ubuntu/deis_ws/install/custom_interfaces/include/custom_interfaces/msg/detail/int_list__rosidl_typesupport_fastrtps_cpp.hpp
[21.773s] -- Up-to-date: /home/ubuntu/deis_ws/install/custom_interfaces/include/custom_interfaces/msg/rosidl_typesupport_fastrtps_cpp__visibility_control.h
[21.779s] -- Installing: /home/ubuntu/deis_ws/install/custom_interfaces/lib/libcustom_interfaces__rosidl_typesupport_fastrtps_cpp.so
[21.782s] -- Set runtime path of "/home/ubuntu/deis_ws/install/custom_interfaces/lib/libcustom_interfaces__rosidl_typesupport_fastrtps_cpp.so" to ""
[21.783s] -- Up-to-date: /home/ubuntu/deis_ws/install/custom_interfaces/include/custom_interfaces
[21.784s] -- Up-to-date: /home/ubuntu/deis_ws/install/custom_interfaces/include/custom_interfaces/msg
[21.784s] -- Up-to-date: /home/ubuntu/deis_ws/install/custom_interfaces/include/custom_interfaces/msg/detail
[21.785s] -- Installing: /home/ubuntu/deis_ws/install/custom_interfaces/include/custom_interfaces/msg/detail/int_list__type_support.c
[21.785s] -- Installing: /home/ubuntu/deis_ws/install/custom_interfaces/include/custom_interfaces/msg/detail/int__rosidl_typesupport_introspection_c.h
[21.786s] -- Installing: /home/ubuntu/deis_ws/install/custom_interfaces/include/custom_interfaces/msg/detail/int_list__rosidl_typesupport_introspection_c.h
[21.788s] -- Installing: /home/ubuntu/deis_ws/install/custom_interfaces/include/custom_interfaces/msg/detail/int__type_support.c
[21.789s] -- Up-to-date: /home/ubuntu/deis_ws/install/custom_interfaces/include/custom_interfaces/msg/rosidl_typesupport_introspection_c__visibility_control.h
[21.793s] -- Installing: /home/ubuntu/deis_ws/install/custom_interfaces/lib/libcustom_interfaces__rosidl_typesupport_introspection_c.so
[21.796s] -- Set runtime path of "/home/ubuntu/deis_ws/install/custom_interfaces/lib/libcustom_interfaces__rosidl_typesupport_introspection_c.so" to ""
[21.798s] -- Installing: /home/ubuntu/deis_ws/install/custom_interfaces/lib/libcustom_interfaces__rosidl_typesupport_c.so
[21.801s] -- Set runtime path of "/home/ubuntu/deis_ws/install/custom_interfaces/lib/libcustom_interfaces__rosidl_typesupport_c.so" to ""
[21.802s] -- Up-to-date: /home/ubuntu/deis_ws/install/custom_interfaces/include/custom_interfaces
[21.803s] -- Up-to-date: /home/ubuntu/deis_ws/install/custom_interfaces/include/custom_interfaces/msg
[21.804s] -- Up-to-date: /home/ubuntu/deis_ws/install/custom_interfaces/include/custom_interfaces/msg/detail
[21.804s] -- Installing: /home/ubuntu/deis_ws/install/custom_interfaces/include/custom_interfaces/msg/detail/int_list__traits.hpp
[21.805s] -- Installing: /home/ubuntu/deis_ws/install/custom_interfaces/include/custom_interfaces/msg/detail/int_list__struct.hpp
[21.805s] -- Installing: /home/ubuntu/deis_ws/install/custom_interfaces/include/custom_interfaces/msg/detail/int__traits.hpp
[21.806s] -- Installing: /home/ubuntu/deis_ws/install/custom_interfaces/include/custom_interfaces/msg/detail/int_list__builder.hpp
[21.807s] -- Installing: /home/ubuntu/deis_ws/install/custom_interfaces/include/custom_interfaces/msg/detail/int__builder.hpp
[21.808s] -- Installing: /home/ubuntu/deis_ws/install/custom_interfaces/include/custom_interfaces/msg/detail/int__struct.hpp
[21.810s] -- Installing: /home/ubuntu/deis_ws/install/custom_interfaces/include/custom_interfaces/msg/int_list.hpp
[21.811s] -- Installing: /home/ubuntu/deis_ws/install/custom_interfaces/include/custom_interfaces/msg/int.hpp
[21.812s] -- Up-to-date: /home/ubuntu/deis_ws/install/custom_interfaces/include/custom_interfaces
[21.813s] -- Up-to-date: /home/ubuntu/deis_ws/install/custom_interfaces/include/custom_interfaces/msg
[21.814s] -- Up-to-date: /home/ubuntu/deis_ws/install/custom_interfaces/include/custom_interfaces/msg/detail
[21.814s] -- Installing: /home/ubuntu/deis_ws/install/custom_interfaces/include/custom_interfaces/msg/detail/int_list__type_support.cpp
[21.815s] -- Installing: /home/ubuntu/deis_ws/install/custom_interfaces/include/custom_interfaces/msg/detail/int_list__rosidl_typesupport_introspection_cpp.hpp
[21.816s] -- Installing: /home/ubuntu/deis_ws/install/custom_interfaces/include/custom_interfaces/msg/detail/int__type_support.cpp
[21.818s] -- Installing: /home/ubuntu/deis_ws/install/custom_interfaces/include/custom_interfaces/msg/detail/int__rosidl_typesupport_introspection_cpp.hpp
[21.825s] -- Installing: /home/ubuntu/deis_ws/install/custom_interfaces/lib/libcustom_interfaces__rosidl_typesupport_introspection_cpp.so
[21.842s] -- Set runtime path of "/home/ubuntu/deis_ws/install/custom_interfaces/lib/libcustom_interfaces__rosidl_typesupport_introspection_cpp.so" to ""
[21.847s] -- Installing: /home/ubuntu/deis_ws/install/custom_interfaces/lib/libcustom_interfaces__rosidl_typesupport_cpp.so
[21.851s] -- Set runtime path of "/home/ubuntu/deis_ws/install/custom_interfaces/lib/libcustom_interfaces__rosidl_typesupport_cpp.so" to ""
[21.852s] -- Up-to-date: /home/ubuntu/deis_ws/install/custom_interfaces/share/custom_interfaces/environment/pythonpath.sh
[21.853s] -- Installing: /home/ubuntu/deis_ws/install/custom_interfaces/share/custom_interfaces/environment/pythonpath.dsv
[21.855s] -- Installing: /home/ubuntu/deis_ws/install/custom_interfaces/lib/python3.8/site-packages/custom_interfaces/__init__.py
[21.998s] Compiling '/home/ubuntu/deis_ws/install/custom_interfaces/lib/python3.8/site-packages/custom_interfaces/__init__.py'...
[22.020s] -- Up-to-date: /home/ubuntu/deis_ws/install/custom_interfaces/lib/python3.8/site-packages/custom_interfaces/msg
[22.021s] -- Installing: /home/ubuntu/deis_ws/install/custom_interfaces/lib/python3.8/site-packages/custom_interfaces/msg/_int_list_s.c
[22.022s] -- Installing: /home/ubuntu/deis_ws/install/custom_interfaces/lib/python3.8/site-packages/custom_interfaces/msg/_int.py
[22.023s] -- Installing: /home/ubuntu/deis_ws/install/custom_interfaces/lib/python3.8/site-packages/custom_interfaces/msg/_int_s.c
[22.025s] -- Installing: /home/ubuntu/deis_ws/install/custom_interfaces/lib/python3.8/site-packages/custom_interfaces/msg/__init__.py
[22.026s] -- Installing: /home/ubuntu/deis_ws/install/custom_interfaces/lib/python3.8/site-packages/custom_interfaces/msg/_int_list.py
[22.032s] -- Installing: /home/ubuntu/deis_ws/install/custom_interfaces/lib/python3.8/site-packages/custom_interfaces/custom_interfaces_s__rosidl_typesupport_fastrtps_c.cpython-38-aarch64-linux-gnu.so
[22.036s] -- Set runtime path of "/home/ubuntu/deis_ws/install/custom_interfaces/lib/python3.8/site-packages/custom_interfaces/custom_interfaces_s__rosidl_typesupport_fastrtps_c.cpython-38-aarch64-linux-gnu.so" to ""
[22.039s] -- Installing: /home/ubuntu/deis_ws/install/custom_interfaces/lib/python3.8/site-packages/custom_interfaces/custom_interfaces_s__rosidl_typesupport_introspection_c.cpython-38-aarch64-linux-gnu.so
[22.042s] -- Set runtime path of "/home/ubuntu/deis_ws/install/custom_interfaces/lib/python3.8/site-packages/custom_interfaces/custom_interfaces_s__rosidl_typesupport_introspection_c.cpython-38-aarch64-linux-gnu.so" to ""
[22.044s] -- Installing: /home/ubuntu/deis_ws/install/custom_interfaces/lib/python3.8/site-packages/custom_interfaces/custom_interfaces_s__rosidl_typesupport_c.cpython-38-aarch64-linux-gnu.so
[22.048s] -- Set runtime path of "/home/ubuntu/deis_ws/install/custom_interfaces/lib/python3.8/site-packages/custom_interfaces/custom_interfaces_s__rosidl_typesupport_c.cpython-38-aarch64-linux-gnu.so" to ""
[22.049s] -- Installing: /home/ubuntu/deis_ws/install/custom_interfaces/lib/libcustom_interfaces__python.so
[22.053s] -- Set runtime path of "/home/ubuntu/deis_ws/install/custom_interfaces/lib/libcustom_interfaces__python.so" to ""
[22.054s] -- Up-to-date: /home/ubuntu/deis_ws/install/custom_interfaces/share/custom_interfaces/msg/IntList.idl
[22.055s] -- Installing: /home/ubuntu/deis_ws/install/custom_interfaces/share/custom_interfaces/msg/Int.idl
[22.056s] -- Up-to-date: /home/ubuntu/deis_ws/install/custom_interfaces/share/custom_interfaces/msg/IntList.msg
[22.057s] -- Installing: /home/ubuntu/deis_ws/install/custom_interfaces/share/custom_interfaces/msg/Int.msg
[22.058s] -- Up-to-date: /home/ubuntu/deis_ws/install/custom_interfaces/share/ament_index/resource_index/package_run_dependencies/custom_interfaces
[22.058s] -- Installing: /home/ubuntu/deis_ws/install/custom_interfaces/share/ament_index/resource_index/parent_prefix_path/custom_interfaces
[22.059s] -- Up-to-date: /home/ubuntu/deis_ws/install/custom_interfaces/share/custom_interfaces/environment/ament_prefix_path.sh
[22.060s] -- Installing: /home/ubuntu/deis_ws/install/custom_interfaces/share/custom_interfaces/environment/ament_prefix_path.dsv
[22.062s] -- Up-to-date: /home/ubuntu/deis_ws/install/custom_interfaces/share/custom_interfaces/environment/path.sh
[22.062s] -- Installing: /home/ubuntu/deis_ws/install/custom_interfaces/share/custom_interfaces/environment/path.dsv
[22.063s] -- Up-to-date: /home/ubuntu/deis_ws/install/custom_interfaces/share/custom_interfaces/local_setup.bash
[22.064s] -- Up-to-date: /home/ubuntu/deis_ws/install/custom_interfaces/share/custom_interfaces/local_setup.sh
[22.065s] -- Up-to-date: /home/ubuntu/deis_ws/install/custom_interfaces/share/custom_interfaces/local_setup.zsh
[22.066s] -- Installing: /home/ubuntu/deis_ws/install/custom_interfaces/share/custom_interfaces/local_setup.dsv
[22.067s] -- Installing: /home/ubuntu/deis_ws/install/custom_interfaces/share/custom_interfaces/package.dsv
[22.068s] -- Up-to-date: /home/ubuntu/deis_ws/install/custom_interfaces/share/ament_index/resource_index/packages/custom_interfaces
[22.072s] -- Up-to-date: /home/ubuntu/deis_ws/install/custom_interfaces/share/custom_interfaces/cmake/custom_interfaces__rosidl_generator_cExport.cmake
[22.073s] -- Installing: /home/ubuntu/deis_ws/install/custom_interfaces/share/custom_interfaces/cmake/custom_interfaces__rosidl_generator_cExport-noconfig.cmake
[22.076s] -- Up-to-date: /home/ubuntu/deis_ws/install/custom_interfaces/share/custom_interfaces/cmake/custom_interfaces__rosidl_typesupport_introspection_cExport.cmake
[22.077s] -- Installing: /home/ubuntu/deis_ws/install/custom_interfaces/share/custom_interfaces/cmake/custom_interfaces__rosidl_typesupport_introspection_cExport-noconfig.cmake
[22.080s] -- Up-to-date: /home/ubuntu/deis_ws/install/custom_interfaces/share/custom_interfaces/cmake/custom_interfaces__rosidl_typesupport_cExport.cmake
[22.080s] -- Installing: /home/ubuntu/deis_ws/install/custom_interfaces/share/custom_interfaces/cmake/custom_interfaces__rosidl_typesupport_cExport-noconfig.cmake
[22.083s] -- Up-to-date: /home/ubuntu/deis_ws/install/custom_interfaces/share/custom_interfaces/cmake/custom_interfaces__rosidl_generator_cppExport.cmake
[22.086s] -- Up-to-date: /home/ubuntu/deis_ws/install/custom_interfaces/share/custom_interfaces/cmake/custom_interfaces__rosidl_typesupport_introspection_cppExport.cmake
[22.086s] -- Installing: /home/ubuntu/deis_ws/install/custom_interfaces/share/custom_interfaces/cmake/custom_interfaces__rosidl_typesupport_introspection_cppExport-noconfig.cmake
[22.090s] -- Up-to-date: /home/ubuntu/deis_ws/install/custom_interfaces/share/custom_interfaces/cmake/custom_interfaces__rosidl_typesupport_cppExport.cmake
[22.091s] -- Installing: /home/ubuntu/deis_ws/install/custom_interfaces/share/custom_interfaces/cmake/custom_interfaces__rosidl_typesupport_cppExport-noconfig.cmake
[22.091s] -- Installing: /home/ubuntu/deis_ws/install/custom_interfaces/share/custom_interfaces/cmake/rosidl_cmake-extras.cmake
[22.093s] -- Up-to-date: /home/ubuntu/deis_ws/install/custom_interfaces/share/custom_interfaces/cmake/ament_cmake_export_dependencies-extras.cmake
[22.094s] -- Up-to-date: /home/ubuntu/deis_ws/install/custom_interfaces/share/custom_interfaces/cmake/ament_cmake_export_libraries-extras.cmake
[22.095s] -- Up-to-date: /home/ubuntu/deis_ws/install/custom_interfaces/share/custom_interfaces/cmake/ament_cmake_export_targets-extras.cmake
[22.097s] -- Up-to-date: /home/ubuntu/deis_ws/install/custom_interfaces/share/custom_interfaces/cmake/ament_cmake_export_include_directories-extras.cmake
[22.098s] -- Up-to-date: /home/ubuntu/deis_ws/install/custom_interfaces/share/custom_interfaces/cmake/rosidl_cmake_export_typesupport_libraries-extras.cmake
[22.098s] -- Up-to-date: /home/ubuntu/deis_ws/install/custom_interfaces/share/custom_interfaces/cmake/rosidl_cmake_export_typesupport_targets-extras.cmake
[22.100s] -- Up-to-date: /home/ubuntu/deis_ws/install/custom_interfaces/share/custom_interfaces/cmake/custom_interfacesConfig.cmake
[22.101s] -- Up-to-date: /home/ubuntu/deis_ws/install/custom_interfaces/share/custom_interfaces/cmake/custom_interfacesConfig-version.cmake
[22.102s] -- Up-to-date: /home/ubuntu/deis_ws/install/custom_interfaces/share/custom_interfaces/package.xml
[22.124s] Invoked command in '/home/ubuntu/deis_ws/build/custom_interfaces' returned '0': CMAKE_PREFIX_PATH=${CMAKE_PREFIX_PATH}:/home/ubuntu/deis_ws/install/py_intersection_mgr:/opt/ros/foxy /usr/bin/cmake --install /home/ubuntu/deis_ws/build/custom_interfaces
