[0.059s] Invoking command in '/home/ubuntu/deis_ws/build/custom_interfaces': CMAKE_PREFIX_PATH=/home/ubuntu/deis_ws/install/py_intersection_mgr:/opt/ros/foxy /usr/bin/cmake /home/ubuntu/deis_ws/src/custom_interfaces -DCMAKE_INSTALL_PREFIX=/home/ubuntu/deis_ws/install/custom_interfaces
[1.151s] -- The C compiler identification is GNU 9.3.0
[1.950s] -- The CXX compiler identification is GNU 9.3.0
[1.987s] -- Check for working C compiler: /usr/bin/cc
[2.320s] -- Check for working C compiler: /usr/bin/cc -- works
[2.329s] -- Detecting C compiler ABI info
[2.654s] -- Detecting C compiler ABI info - done
[2.691s] -- Detecting C compile features
[2.693s] -- Detecting C compile features - done
[2.709s] -- Check for working CXX compiler: /usr/bin/c++
[3.052s] -- Check for working CXX compiler: /usr/bin/c++ -- works
[3.057s] -- Detecting CXX compiler ABI info
[3.401s] -- Detecting CXX compiler ABI info - done
[3.446s] -- Detecting CXX compile features
[3.449s] -- Detecting CXX compile features - done
[3.488s] -- Found ament_cmake: 0.9.7 (/opt/ros/foxy/share/ament_cmake/cmake)
[3.644s] -- Found PythonInterp: /usr/bin/python3 (found suitable version "3.8.5", minimum required is "3") 
[3.645s] -- Using PYTHON_EXECUTABLE: /usr/bin/python3
[4.688s] -- Found ament_lint_auto: 0.9.5 (/opt/ros/foxy/share/ament_lint_auto/cmake)
[5.138s] -- Added test 'copyright' to check source files copyright and LICENSE
[5.156s] -- Added test 'lint_cmake' to check CMake code style
[5.167s] -- Added test 'xmllint' to check XML markup files
[5.193s] -- Found rosidl_default_generators: 1.0.0 (/opt/ros/foxy/share/rosidl_default_generators/cmake)
[5.226s] -- Using all available rosidl_typesupport_c: rosidl_typesupport_fastrtps_c;rosidl_typesupport_introspection_c
[5.309s] -- Found rosidl_adapter: 1.1.0 (/opt/ros/foxy/share/rosidl_adapter/cmake)
[5.982s] -- Found OpenSSL: /usr/lib/aarch64-linux-gnu/libcrypto.so (found version "1.1.1f")  
[6.182s] -- Found FastRTPS: /opt/ros/foxy/include  
[6.793s] -- Using all available rosidl_typesupport_cpp: rosidl_typesupport_fastrtps_cpp;rosidl_typesupport_introspection_cpp
[6.966s] CMake Error at /opt/ros/foxy/share/rosidl_cmake/cmake/rosidl_generate_interfaces.cmake:64 (message):
[6.967s]   rosidl_generate_interfaces() must be called before ament_package()
[6.967s] Call Stack (most recent call first):
[6.968s]   CMakeLists.txt:39 (rosidl_generate_interfaces)
[6.968s] 
[6.968s] 
[6.981s] -- Configuring incomplete, errors occurred!
[6.982s] See also "/home/ubuntu/deis_ws/build/custom_interfaces/CMakeFiles/CMakeOutput.log".
[6.999s] Invoked command in '/home/ubuntu/deis_ws/build/custom_interfaces' returned '1': CMAKE_PREFIX_PATH=/home/ubuntu/deis_ws/install/py_intersection_mgr:/opt/ros/foxy /usr/bin/cmake /home/ubuntu/deis_ws/src/custom_interfaces -DCMAKE_INSTALL_PREFIX=/home/ubuntu/deis_ws/install/custom_interfaces
