[1.033s] Invoking command in '/home/ubuntu/deis_ws/src/py_intersection_mgr': PYTHONPATH=/home/ubuntu/deis_ws/install/py_intersection_mgr/lib/python3.8/site-packages:/home/ubuntu/deis_ws/install/custom_interfaces/lib/python3.8/site-packages:/home/ubuntu/deis_ws/install/py_intersection_mgr/lib/python3.8/site-packages:/opt/ros/foxy/lib/python3.8/site-packages /usr/bin/python3 setup.py egg_info --egg-base ../../build/py_intersection_mgr build --build-base /home/ubuntu/deis_ws/build/py_intersection_mgr/build install --prefix /home/ubuntu/deis_ws/install/py_intersection_mgr --record /home/ubuntu/deis_ws/build/py_intersection_mgr/install.log --single-version-externally-managed
[1.904s] running egg_info
[1.907s] writing ../../build/py_intersection_mgr/py_intersection_mgr.egg-info/PKG-INFO
[1.908s] writing dependency_links to ../../build/py_intersection_mgr/py_intersection_mgr.egg-info/dependency_links.txt
[1.909s] writing entry points to ../../build/py_intersection_mgr/py_intersection_mgr.egg-info/entry_points.txt
[1.910s] writing requirements to ../../build/py_intersection_mgr/py_intersection_mgr.egg-info/requires.txt
[1.912s] writing top-level names to ../../build/py_intersection_mgr/py_intersection_mgr.egg-info/top_level.txt
[2.051s] reading manifest file '../../build/py_intersection_mgr/py_intersection_mgr.egg-info/SOURCES.txt'
[2.056s] writing manifest file '../../build/py_intersection_mgr/py_intersection_mgr.egg-info/SOURCES.txt'
[2.057s] running build
[2.058s] running build_py
[2.059s] copying py_intersection_mgr/intersection_mgr.py -> /home/ubuntu/deis_ws/build/py_intersection_mgr/build/lib/py_intersection_mgr
[2.060s] running install
[2.064s] running install_lib
[2.069s] copying /home/ubuntu/deis_ws/build/py_intersection_mgr/build/lib/py_intersection_mgr/intersection_mgr.py -> /home/ubuntu/deis_ws/install/py_intersection_mgr/lib/python3.8/site-packages/py_intersection_mgr
[2.072s] byte-compiling /home/ubuntu/deis_ws/install/py_intersection_mgr/lib/python3.8/site-packages/py_intersection_mgr/intersection_mgr.py to intersection_mgr.cpython-38.pyc
[2.082s] running install_data
[2.085s] running install_egg_info
[2.092s] removing '/home/ubuntu/deis_ws/install/py_intersection_mgr/lib/python3.8/site-packages/py_intersection_mgr-0.0.0-py3.8.egg-info' (and everything under it)
[2.094s] Copying ../../build/py_intersection_mgr/py_intersection_mgr.egg-info to /home/ubuntu/deis_ws/install/py_intersection_mgr/lib/python3.8/site-packages/py_intersection_mgr-0.0.0-py3.8.egg-info
[2.101s] running install_scripts
[2.170s] Installing intersection script to /home/ubuntu/deis_ws/install/py_intersection_mgr/lib/py_intersection_mgr
[2.173s] writing list of installed files to '/home/ubuntu/deis_ws/build/py_intersection_mgr/install.log'
[2.272s] Invoked command in '/home/ubuntu/deis_ws/src/py_intersection_mgr' returned '0': PYTHONPATH=/home/ubuntu/deis_ws/install/py_intersection_mgr/lib/python3.8/site-packages:/home/ubuntu/deis_ws/install/custom_interfaces/lib/python3.8/site-packages:/home/ubuntu/deis_ws/install/py_intersection_mgr/lib/python3.8/site-packages:/opt/ros/foxy/lib/python3.8/site-packages /usr/bin/python3 setup.py egg_info --egg-base ../../build/py_intersection_mgr build --build-base /home/ubuntu/deis_ws/build/py_intersection_mgr/build install --prefix /home/ubuntu/deis_ws/install/py_intersection_mgr --record /home/ubuntu/deis_ws/build/py_intersection_mgr/install.log --single-version-externally-managed
